INFO 2025-05-06 01:12:24,076 autoreload Watching for file changes with StatReloader
INFO 2025-05-06 01:12:32,054 basehttp "GET / HTTP/1.1" 302 0
INFO 2025-05-06 01:12:32,092 basehttp "GET /scanner/ HTTP/1.1" 302 0
INFO 2025-05-06 01:12:32,155 basehttp "GET /login/?next=/scanner/ HTTP/1.1" 200 16950
WARNING 2025-05-06 01:12:32,295 log Not Found: /favicon.ico
WARNING 2025-05-06 01:12:32,296 basehttp "GET /favicon.ico HTTP/1.1" 404 3106
INFO 2025-05-06 01:12:36,247 basehttp "POST /login/ HTTP/1.1" 200 17158
INFO 2025-05-06 01:12:43,516 basehttp "POST /login/ HTTP/1.1" 200 17158
INFO 2025-05-06 01:12:45,327 basehttp "POST /login/ HTTP/1.1" 200 17158
INFO 2025-05-06 01:12:50,163 basehttp "POST /login/ HTTP/1.1" 200 17158
INFO 2025-05-06 01:13:01,143 basehttp "POST /login/ HTTP/1.1" 200 17158
INFO 2025-05-06 01:13:39,699 basehttp "GET /admin/ HTTP/1.1" 302 0
INFO 2025-05-06 01:13:39,758 basehttp "GET /admin/login/?next=/admin/ HTTP/1.1" 200 4181
INFO 2025-05-06 01:13:42,949 basehttp "POST /admin/login/?next=/admin/ HTTP/1.1" 200 4340
INFO 2025-05-06 01:13:45,873 basehttp "POST /admin/login/?next=/admin/ HTTP/1.1" 302 0
INFO 2025-05-06 01:13:45,900 basehttp "GET /admin/ HTTP/1.1" 200 7112
INFO 2025-05-06 01:13:59,039 basehttp "GET /admin/ HTTP/1.1" 200 7112
INFO 2025-05-06 01:14:02,760 basehttp "GET / HTTP/1.1" 302 0
INFO 2025-05-06 01:14:02,779 basehttp "GET /scanner/ HTTP/1.1" 200 31115
INFO 2025-05-06 01:14:12,129 basehttp "POST /scanner/scan-network/ HTTP/1.1" 302 0
INFO 2025-05-06 01:14:12,150 basehttp "GET /scanner/network-info/ HTTP/1.1" 200 34822
INFO 2025-05-06 01:14:18,384 basehttp "GET /scanner/os-info/ HTTP/1.1" 200 47652
ERROR 2025-05-06 01:14:30,837 log Internal Server Error: /scanner/target/1/section/system_overview/
ERROR 2025-05-06 01:14:30,837 basehttp "GET /scanner/target/1/section/system_overview/ HTTP/1.1" 500 103
INFO 2025-05-06 01:15:05,457 basehttp "GET /scanner/target/1/section/system_overview/ HTTP/1.1" 200 868
INFO 2025-05-06 01:15:07,751 basehttp "GET /scanner/target/1/section/os_details/ HTTP/1.1" 200 853
INFO 2025-05-06 01:15:47,395 basehttp "GET /scanner/target/1/section/environment_variables/ HTTP/1.1" 200 12201
INFO 2025-05-06 01:15:48,786 basehttp "GET /scanner/target/1/section/user_folders/ HTTP/1.1" 200 8452
INFO 2025-05-06 01:16:03,057 basehttp "GET /scanner/target/1/section/os_details/ HTTP/1.1" 200 853
INFO 2025-05-06 01:16:18,826 basehttp "GET /scanner/target/1/section/environment_variables/ HTTP/1.1" 200 12201
INFO 2025-05-06 01:16:19,535 basehttp "GET /scanner/target/1/section/user_folders/ HTTP/1.1" 200 8452
INFO 2025-05-06 01:16:20,623 basehttp "GET /scanner/target/1/section/file_version/ HTTP/1.1" 200 898
INFO 2025-05-06 01:16:22,479 basehttp "GET /scanner/target/1/section/installed_software/ HTTP/1.1" 200 251542
INFO 2025-05-06 01:16:26,714 basehttp "GET /scanner/target/1/section/installed_hotfixes/ HTTP/1.1" 200 10436
INFO 2025-05-06 01:16:30,384 basehttp "GET /scanner/target/1/section/windows_updates/ HTTP/1.1" 200 8375
ERROR 2025-05-06 01:16:45,943 log Internal Server Error: /scanner/target/1/section/amsi_providers/
ERROR 2025-05-06 01:16:45,944 basehttp "GET /scanner/target/1/section/amsi_providers/ HTTP/1.1" 500 72
ERROR 2025-05-06 01:17:04,861 log Internal Server Error: /scanner/target/1/section/amsi_providers/
ERROR 2025-05-06 01:17:04,862 basehttp "GET /scanner/target/1/section/amsi_providers/ HTTP/1.1" 500 72
ERROR 2025-05-06 01:17:35,152 log Internal Server Error: /scanner/target/1/section/antivirus_info/
ERROR 2025-05-06 01:17:35,153 basehttp "GET /scanner/target/1/section/antivirus_info/ HTTP/1.1" 500 72
INFO 2025-05-06 01:17:41,013 basehttp "GET /scanner/target/1/section/defender_settings/ HTTP/1.1" 200 1368
INFO 2025-05-06 01:17:50,591 basehttp "GET /scanner/target/1/section/auto_run_executables/ HTTP/1.1" 200 39317
INFO 2025-05-06 01:17:52,304 basehttp "GET /scanner/target/1/section/certificates/ HTTP/1.1" 200 132958
ERROR 2025-05-06 01:18:08,485 log Internal Server Error: /scanner/target/1/section/firewall_rules/
ERROR 2025-05-06 01:18:08,486 basehttp "GET /scanner/target/1/section/firewall_rules/ HTTP/1.1" 500 72
INFO 2025-05-06 01:23:53,504 autoreload Watching for file changes with StatReloader
INFO 2025-05-06 01:23:57,489 basehttp "GET / HTTP/1.1" 302 0
INFO 2025-05-06 01:23:57,564 basehttp "GET /scanner/ HTTP/1.1" 200 37934
INFO 2025-05-06 01:24:00,946 basehttp "GET / HTTP/1.1" 302 0
INFO 2025-05-06 01:24:00,959 basehttp "GET /scanner/ HTTP/1.1" 200 31115
INFO 2025-05-06 01:24:03,229 basehttp "GET /scanner/os-info/ HTTP/1.1" 200 47652
INFO 2025-05-06 01:24:09,954 basehttp "GET /scanner/target/1/section/os_details/ HTTP/1.1" 200 1576
ERROR 2025-05-06 01:24:38,480 log Internal Server Error: /scanner/target/1/section/amsi_providers/
ERROR 2025-05-06 01:24:38,481 basehttp "GET /scanner/target/1/section/amsi_providers/ HTTP/1.1" 500 72
ERROR 2025-05-06 01:25:06,635 log Internal Server Error: /scanner/target/1/section/amsi_providers/
ERROR 2025-05-06 01:25:06,636 basehttp "GET /scanner/target/1/section/amsi_providers/ HTTP/1.1" 500 72
INFO 2025-05-06 01:27:27,752 basehttp "GET /scanner/os-info/ HTTP/1.1" 200 48732
INFO 2025-05-06 01:27:35,454 basehttp "GET /scanner/target/1/section/amsi_providers/ HTTP/1.1" 200 1112
ERROR 2025-05-06 01:27:55,277 log Internal Server Error: /scanner/target/1/section/antivirus_info/
ERROR 2025-05-06 01:27:55,278 basehttp "GET /scanner/target/1/section/antivirus_info/ HTTP/1.1" 500 119
WARNING 2025-05-06 01:28:56,931 log Not Found: /scanner/os_info/
WARNING 2025-05-06 01:28:56,932 basehttp "GET /scanner/os_info/ HTTP/1.1" 404 5032
INFO 2025-05-06 01:30:06,402 autoreload Watching for file changes with StatReloader
INFO 2025-05-06 01:30:08,994 autoreload Watching for file changes with StatReloader
INFO 2025-05-06 01:30:10,727 basehttp "GET / HTTP/1.1" 302 0
INFO 2025-05-06 01:30:10,805 basehttp "GET /scanner/ HTTP/1.1" 200 32442
INFO 2025-05-06 01:30:12,516 basehttp "GET /scanner/os-info/ HTTP/1.1" 200 47642
INFO 2025-05-06 01:30:16,189 basehttp "GET /scanner/ HTTP/1.1" 200 31662
WARNING 2025-05-06 01:30:18,517 log Not Found: /scanner/os_info/
WARNING 2025-05-06 01:30:18,517 basehttp "GET /scanner/os_info/ HTTP/1.1" 404 5032
INFO 2025-05-06 01:30:36,061 basehttp "GET /scanner HTTP/1.1" 301 0
INFO 2025-05-06 01:30:36,076 basehttp "GET /scanner/ HTTP/1.1" 200 31662
INFO 2025-05-06 01:30:38,656 basehttp "POST /scanner/target/add/ HTTP/1.1" 302 0
INFO 2025-05-06 01:30:38,670 basehttp "GET /scanner/target/3/ HTTP/1.1" 200 24976
INFO 2025-05-06 01:30:38,896 basehttp "GET /scanner/os-info/ HTTP/1.1" 200 48337
INFO 2025-05-06 01:30:45,692 basehttp "GET /scanner/target/3/section/amsi_providers/ HTTP/1.1" 200 1112
ERROR 2025-05-06 01:31:02,002 log Internal Server Error: /scanner/target/3/section/antivirus_info/
ERROR 2025-05-06 01:31:02,004 basehttp "GET /scanner/target/3/section/antivirus_info/ HTTP/1.1" 500 72
INFO 2025-05-06 01:31:38,421 basehttp "GET /scanner/target/3/section/defender_settings/ HTTP/1.1" 200 1368
INFO 2025-05-06 01:31:43,108 basehttp "GET /scanner/target/3/section/amsi_providers/ HTTP/1.1" 200 1112
INFO 2025-05-06 01:32:40,718 basehttp "GET /scanner/target/3/section/antivirus_info/ HTTP/1.1" 200 986
INFO 2025-05-06 01:32:44,257 basehttp "GET /scanner/os-info/ HTTP/1.1" 200 50178
INFO 2025-05-06 01:32:51,876 basehttp "GET /scanner/target/3/section/antivirus_info/ HTTP/1.1" 200 986
INFO 2025-05-06 01:33:04,591 basehttp "GET /scanner/target/3/section/defender_settings/ HTTP/1.1" 200 1368
ERROR 2025-05-06 01:33:24,443 log Internal Server Error: /scanner/target/3/section/firewall_rules/
ERROR 2025-05-06 01:33:24,444 basehttp "GET /scanner/target/3/section/firewall_rules/ HTTP/1.1" 500 72
INFO 2025-05-06 01:36:00,175 basehttp "GET /scanner/os-info/ HTTP/1.1" 200 49462
INFO 2025-05-06 01:36:18,392 basehttp "GET /scanner/target/3/section/firewall_rules/ HTTP/1.1" 200 2854
INFO 2025-05-06 01:36:19,029 basehttp "GET /scanner/target/1/section/firewall_rules/ HTTP/1.1" 200 2854
INFO 2025-05-06 01:36:32,774 basehttp "GET /scanner/target/1/section/firewall_rules/ HTTP/1.1" 200 2854
INFO 2025-05-06 01:36:40,295 basehttp "GET /scanner/target/3/section/firewall_rules/ HTTP/1.1" 200 2854
INFO 2025-05-06 01:36:42,004 basehttp "GET /scanner/target/3/section/firewall_rules/ HTTP/1.1" 200 2854
INFO 2025-05-06 01:36:44,507 basehttp "GET /scanner/target/3/section/firewall_rules/ HTTP/1.1" 200 2854
INFO 2025-05-06 01:36:52,700 basehttp "GET /scanner/os-info/ HTTP/1.1" 200 49813
INFO 2025-05-06 01:36:58,729 basehttp "GET /scanner/target/3/section/firewall_rules/ HTTP/1.1" 200 2854
INFO 2025-05-06 01:38:03,876 basehttp "GET /scanner/target/3/section/firewall_rules/ HTTP/1.1" 200 2854
INFO 2025-05-06 01:38:06,890 basehttp "GET /scanner/target/3/section/certificates/ HTTP/1.1" 200 132958
INFO 2025-05-06 01:39:05,025 basehttp "GET /scanner/target/3/section/firewall_rules/ HTTP/1.1" 200 2854
INFO 2025-05-06 01:39:09,016 basehttp "GET /scanner/target/3/section/firewall_rules/ HTTP/1.1" 200 2854
INFO 2025-05-06 01:39:11,435 basehttp "GET /scanner/target/1/section/firewall_rules/ HTTP/1.1" 200 2854
INFO 2025-05-06 01:39:24,974 basehttp "GET /scanner/target/1/section/firewall_rules/ HTTP/1.1" 200 2854
INFO 2025-05-06 01:39:31,476 basehttp "GET /scanner/ HTTP/1.1" 200 36389
INFO 2025-05-06 01:39:32,841 basehttp "GET /scanner/os-info/ HTTP/1.1" 200 48353
INFO 2025-05-06 01:39:37,933 autoreload D:\coding_stuff\py\vuln_scanner\dashboard\scanner\views.py changed, reloading.
INFO 2025-05-06 01:39:37,940 autoreload D:\coding_stuff\py\vuln_scanner\dashboard\scanner\views.py changed, reloading.
INFO 2025-05-06 01:39:38,673 autoreload Watching for file changes with StatReloader
INFO 2025-05-06 01:39:38,674 autoreload Watching for file changes with StatReloader
INFO 2025-05-06 01:39:41,343 basehttp "GET /scanner/target/3/section/firewall_rules/ HTTP/1.1" 200 2854
INFO 2025-05-06 01:39:54,254 autoreload D:\coding_stuff\py\vuln_scanner\dashboard\scanner\views.py changed, reloading.
INFO 2025-05-06 01:39:54,283 autoreload D:\coding_stuff\py\vuln_scanner\dashboard\scanner\views.py changed, reloading.
INFO 2025-05-06 01:39:54,937 autoreload Watching for file changes with StatReloader
INFO 2025-05-06 01:39:54,960 autoreload Watching for file changes with StatReloader
INFO 2025-05-06 01:40:06,359 autoreload Watching for file changes with StatReloader
INFO 2025-05-06 01:40:15,185 basehttp "GET /scanner/target/1/section/firewall_rules/ HTTP/1.1" 200 2854
INFO 2025-05-06 01:40:22,647 basehttp "GET /scanner/target/3/section/firewall_rules/ HTTP/1.1" 200 2854
INFO 2025-05-06 01:42:45,073 basehttp "GET /scanner/target/3/section/amsi_providers/ HTTP/1.1" 200 1112
INFO 2025-05-06 01:42:55,374 basehttp "GET /scanner/target/3/command/1/ HTTP/1.1" 200 868
INFO 2025-05-06 01:43:23,091 basehttp "GET /scanner/target/3/command/5/ HTTP/1.1" 200 797351
INFO 2025-05-06 01:45:22,604 basehttp "GET /scanner/target/3/section/firewall_rules/ HTTP/1.1" 200 2854
INFO 2025-05-06 01:47:54,662 basehttp "GET /scanner/target/3/section/firewall_rules/ HTTP/1.1" 200 2854
INFO 2025-05-06 01:48:20,501 basehttp "GET /scanner/target/3/section/secure_boot_info/ HTTP/1.1" 200 4488
INFO 2025-05-06 01:48:31,524 basehttp "GET /scanner/target/3/section/firewall_rules/ HTTP/1.1" 200 8097
INFO 2025-05-06 01:51:55,695 basehttp "GET / HTTP/1.1" 302 0
INFO 2025-05-06 01:51:55,700 basehttp "GET /scanner/ HTTP/1.1" 302 0
INFO 2025-05-06 01:51:55,747 basehttp "GET /login/?next=/scanner/ HTTP/1.1" 200 16950
WARNING 2025-05-06 01:51:56,144 log Not Found: /favicon.ico
WARNING 2025-05-06 01:51:56,145 basehttp "GET /favicon.ico HTTP/1.1" 404 3106
INFO 2025-05-06 01:53:38,502 basehttp "POST /login/ HTTP/1.1" 302 0
INFO 2025-05-06 01:53:38,529 basehttp "GET /scanner/ HTTP/1.1" 200 33857
INFO 2025-05-06 01:53:46,391 basehttp "POST /scanner/target/1/delete/ HTTP/1.1" 302 0
INFO 2025-05-06 01:53:46,402 basehttp "GET /scanner/ HTTP/1.1" 200 31491
INFO 2025-05-06 01:53:47,349 basehttp "GET /scanner/target/3/ HTTP/1.1" 200 27754
INFO 2025-05-06 01:54:11,494 basehttp "GET /scanner/target/3/command/5/ HTTP/1.1" 200 806313
INFO 2025-05-06 01:55:18,135 basehttp "GET /scanner/os-info/ HTTP/1.1" 200 48038
INFO 2025-05-06 01:55:23,663 basehttp "GET /scanner/target/3/section/firewall_rules/ HTTP/1.1" 200 8097
INFO 2025-05-06 01:57:36,639 basehttp "GET / HTTP/1.1" 302 0
INFO 2025-05-06 01:57:36,658 basehttp "GET /scanner/ HTTP/1.1" 200 31511
INFO 2025-05-06 01:57:40,648 basehttp "GET /scanner/os-info/ HTTP/1.1" 200 47652
INFO 2025-05-06 01:59:50,384 autoreload Watching for file changes with StatReloader
INFO 2025-05-06 01:59:52,729 basehttp "GET / HTTP/1.1" 302 0
INFO 2025-05-06 01:59:52,821 basehttp "GET /scanner/ HTTP/1.1" 200 34705
INFO 2025-05-06 01:59:54,747 basehttp "GET /scanner/os-info/ HTTP/1.1" 200 47652
INFO 2025-05-06 01:59:58,280 basehttp "GET /scanner/target/3/section/user_folders/ HTTP/1.1" 200 8564
INFO 2025-05-06 02:00:11,607 basehttp "GET /scanner/target/3/section/file_version/ HTTP/1.1" 200 898
ERROR 2025-05-06 02:00:29,915 log Internal Server Error: /scanner/target/3/section/firewall_rules/
ERROR 2025-05-06 02:00:29,916 basehttp "GET /scanner/target/3/section/firewall_rules/ HTTP/1.1" 500 72
INFO 2025-05-06 02:02:21,440 autoreload Watching for file changes with StatReloader
INFO 2025-05-06 02:02:27,851 basehttp "GET /scanner/os-info/ HTTP/1.1" 200 48739
INFO 2025-05-06 02:02:28,135 basehttp "GET /scanner/os-info/ HTTP/1.1" 200 47652
INFO 2025-05-06 02:02:33,304 basehttp "GET /scanner/target/3/section/user_folders/ HTTP/1.1" 200 8564
INFO 2025-05-06 02:02:37,502 basehttp "GET / HTTP/1.1" 302 0
INFO 2025-05-06 02:02:37,518 basehttp "GET /scanner/ HTTP/1.1" 200 31115
INFO 2025-05-06 02:02:40,030 basehttp "GET /scanner/os-info/ HTTP/1.1" 200 47652
INFO 2025-05-06 02:02:43,067 basehttp "GET /scanner/target/3/section/environment_variables/ HTTP/1.1" 200 12291
INFO 2025-05-06 02:02:44,560 basehttp "GET /scanner/target/3/section/user_folders/ HTTP/1.1" 200 8564
ERROR 2025-05-06 02:03:18,864 log Internal Server Error: /scanner/target/3/section/firewall_rules/
ERROR 2025-05-06 02:03:18,864 basehttp "GET /scanner/target/3/section/firewall_rules/ HTTP/1.1" 500 72
ERROR 2025-05-06 02:05:01,076 log Internal Server Error: /scanner/target/3/section/firewall_rules/
ERROR 2025-05-06 02:05:01,077 basehttp "GET /scanner/target/3/section/firewall_rules/ HTTP/1.1" 500 72
ERROR 2025-05-06 02:05:39,694 log Internal Server Error: /scanner/target/3/section/firewall_rules/
ERROR 2025-05-06 02:05:39,695 basehttp "GET /scanner/target/3/section/firewall_rules/ HTTP/1.1" 500 119
ERROR 2025-05-06 02:05:55,629 log Internal Server Error: /scanner/target/3/section/firewall_rules/
ERROR 2025-05-06 02:05:55,629 basehttp "GET /scanner/target/3/section/firewall_rules/ HTTP/1.1" 500 72
INFO 2025-05-06 02:06:10,796 basehttp "GET / HTTP/1.1" 302 0
INFO 2025-05-06 02:06:10,819 basehttp "GET /scanner/ HTTP/1.1" 200 33269
INFO 2025-05-06 02:06:25,971 basehttp "GET /scanner/os-info/ HTTP/1.1" 200 47652
INFO 2025-05-06 02:06:29,059 basehttp "GET /scanner/target/3/section/user_folders/ HTTP/1.1" 200 8564
INFO 2025-05-06 02:06:39,431 basehttp "GET /scanner/target/3/section/local_users/ HTTP/1.1" 200 38388
INFO 2025-05-06 02:08:58,563 basehttp "GET / HTTP/1.1" 302 0
INFO 2025-05-06 02:08:58,583 basehttp "GET /scanner/ HTTP/1.1" 200 31864
INFO 2025-05-06 02:09:00,695 basehttp "GET /scanner/os-info/ HTTP/1.1" 200 47652
INFO 2025-05-06 02:09:17,907 basehttp "GET /scanner/target/3/section/firewall_rules/ HTTP/1.1" 200 43917
INFO 2025-05-06 02:09:36,882 basehttp "GET /scanner/target/3/section/user_folders/ HTTP/1.1" 200 8564
INFO 2025-05-06 02:10:40,122 basehttp "GET /scanner/target/3/section/uac_policies/ HTTP/1.1" 200 5588
INFO 2025-05-06 02:10:54,559 basehttp "GET /scanner/os-info/ HTTP/1.1" 200 48760
INFO 2025-05-06 02:10:55,115 basehttp "GET /scanner/ HTTP/1.1" 200 31115
INFO 2025-05-06 02:11:12,611 basehttp "GET /scanner/os-info/ HTTP/1.1" 200 47652
INFO 2025-05-06 02:11:14,293 basehttp "GET /scanner/ HTTP/1.1" 200 31115
INFO 2025-05-06 02:11:16,100 basehttp "GET /scanner/target/add/ HTTP/1.1" 200 18323
INFO 2025-05-06 02:11:24,592 basehttp "GET /scanner/ HTTP/1.1" 200 31115
INFO 2025-05-06 02:12:06,314 basehttp "GET /scanner/target/3/ HTTP/1.1" 200 27769
ERROR 2025-05-06 02:12:07,445 log Internal Server Error: /scanner/target/3/command/1/
ERROR 2025-05-06 02:12:07,446 basehttp "GET /scanner/target/3/command/1/ HTTP/1.1" 500 119
INFO 2025-05-06 02:12:12,392 basehttp "GET / HTTP/1.1" 302 0
INFO 2025-05-06 02:12:12,410 basehttp "GET /scanner/ HTTP/1.1" 200 31537
INFO 2025-05-06 02:12:15,511 basehttp "GET /scanner/os-info/ HTTP/1.1" 200 47652
ERROR 2025-05-06 02:12:28,529 log Internal Server Error: /scanner/target/3/section/user_folders/
ERROR 2025-05-06 02:12:28,530 basehttp "GET /scanner/target/3/section/user_folders/ HTTP/1.1" 500 103
INFO 2025-05-06 02:12:55,947 basehttp "GET /scanner/target/3/section/user_folders/ HTTP/1.1" 200 8564
INFO 2025-05-06 02:19:20,713 basehttp "GET / HTTP/1.1" 302 0
INFO 2025-05-06 02:19:20,726 basehttp "GET /scanner/ HTTP/1.1" 200 31877
INFO 2025-05-06 02:19:26,078 basehttp "GET /scanner/os-info/ HTTP/1.1" 200 47652
INFO 2025-05-06 02:19:28,944 basehttp "GET /scanner/target/3/section/user_folders/ HTTP/1.1" 200 8564
INFO 2025-05-06 02:21:36,169 basehttp "GET /scanner/target/3/section/user_folders/ HTTP/1.1" 200 8564
INFO 2025-05-06 02:21:38,307 basehttp "GET /scanner/os-info/ HTTP/1.1" 200 48402
INFO 2025-05-06 02:21:42,035 basehttp "GET /scanner/target/3/section/user_folders/ HTTP/1.1" 200 8564
INFO 2025-05-06 02:22:42,267 autoreload Watching for file changes with StatReloader
INFO 2025-05-06 02:22:45,209 basehttp "GET / HTTP/1.1" 302 0
INFO 2025-05-06 02:22:45,284 basehttp "GET /scanner/ HTTP/1.1" 200 31509
INFO 2025-05-06 02:22:47,084 basehttp "GET /scanner/os-info/ HTTP/1.1" 200 47652
INFO 2025-05-06 02:22:49,990 basehttp "GET /scanner/target/3/section/user_folders/ HTTP/1.1" 200 8564
INFO 2025-05-06 02:27:41,578 autoreload D:\coding_stuff\py\vuln_scanner\proto\pro\protocol.py changed, reloading.
INFO 2025-05-06 02:27:42,190 autoreload Watching for file changes with StatReloader
INFO 2025-05-06 02:29:04,745 autoreload D:\coding_stuff\py\vuln_scanner\dashboard\scanner\views.py changed, reloading.
INFO 2025-05-06 02:29:05,446 autoreload Watching for file changes with StatReloader
INFO 2025-05-06 02:29:37,449 autoreload D:\coding_stuff\py\vuln_scanner\dashboard\scanner\views.py changed, reloading.
INFO 2025-05-06 02:29:38,101 autoreload Watching for file changes with StatReloader
INFO 2025-05-06 02:29:50,439 autoreload D:\coding_stuff\py\vuln_scanner\dashboard\scanner\urls.py changed, reloading.
INFO 2025-05-06 02:29:51,022 autoreload Watching for file changes with StatReloader
INFO 2025-05-06 02:30:30,531 autoreload Watching for file changes with StatReloader
INFO 2025-05-06 02:30:33,747 basehttp "GET /scanner/processes/ HTTP/1.1" 200 30815
WARNING 2025-05-06 02:30:33,863 log Bad Request: /scanner/processes/data/
WARNING 2025-05-06 02:30:33,863 basehttp "GET /scanner/processes/data/ HTTP/1.1" 400 32
INFO 2025-05-06 02:30:46,225 basehttp "GET /scanner/processes/ HTTP/1.1" 200 30421
WARNING 2025-05-06 02:30:46,252 log Bad Request: /scanner/processes/data/
WARNING 2025-05-06 02:30:46,253 basehttp "GET /scanner/processes/data/ HTTP/1.1" 400 32
INFO 2025-05-06 02:30:46,911 basehttp "GET /scanner/processes/ HTTP/1.1" 200 30421
WARNING 2025-05-06 02:30:46,938 log Bad Request: /scanner/processes/data/
WARNING 2025-05-06 02:30:46,938 basehttp "GET /scanner/processes/data/ HTTP/1.1" 400 32
INFO 2025-05-06 02:30:47,403 basehttp "GET /scanner/processes/ HTTP/1.1" 200 30421
WARNING 2025-05-06 02:30:47,427 log Bad Request: /scanner/processes/data/
WARNING 2025-05-06 02:30:47,429 basehttp "GET /scanner/processes/data/ HTTP/1.1" 400 32
INFO 2025-05-06 02:30:47,656 basehttp "GET /scanner/processes/ HTTP/1.1" 200 30421
WARNING 2025-05-06 02:30:47,683 log Bad Request: /scanner/processes/data/
WARNING 2025-05-06 02:30:47,684 basehttp "GET /scanner/processes/data/ HTTP/1.1" 400 32
INFO 2025-05-06 02:31:02,805 basehttp "GET /scanner/network-info/ HTTP/1.1" 200 34702
INFO 2025-05-06 02:31:03,959 basehttp "GET /scanner/network-info/ HTTP/1.1" 200 34702
INFO 2025-05-06 02:31:04,819 basehttp "GET /scanner/os-info/ HTTP/1.1" 200 48377
INFO 2025-05-06 02:31:09,342 basehttp "GET /scanner/ HTTP/1.1" 200 31364
INFO 2025-05-06 02:31:11,723 basehttp "GET /scanner/processes/ HTTP/1.1" 200 30421
WARNING 2025-05-06 02:31:11,750 log Bad Request: /scanner/processes/data/
WARNING 2025-05-06 02:31:11,751 basehttp "GET /scanner/processes/data/ HTTP/1.1" 400 32
INFO 2025-05-06 02:31:35,277 basehttp "GET /scanner/processes/?refresh=true HTTP/1.1" 200 30484
WARNING 2025-05-06 02:31:35,353 log Bad Request: /scanner/processes/data/
WARNING 2025-05-06 02:31:35,354 basehttp "GET /scanner/processes/data/ HTTP/1.1" 400 32
INFO 2025-05-06 02:34:45,704 basehttp "GET /scanner/processes/?refresh=true HTTP/1.1" 200 32452
WARNING 2025-05-06 02:34:45,739 log Bad Request: /scanner/processes/data/
WARNING 2025-05-06 02:34:45,739 basehttp "GET /scanner/processes/data/ HTTP/1.1" 400 32
INFO 2025-05-06 02:34:48,587 basehttp "GET /scanner/processes/?target_id=3&refresh=true HTTP/1.1" 200 32452
WARNING 2025-05-06 02:34:48,618 log Bad Request: /scanner/processes/data/
WARNING 2025-05-06 02:34:48,618 basehttp "GET /scanner/processes/data/ HTTP/1.1" 400 32
INFO 2025-05-06 02:34:56,796 basehttp "GET /scanner/ HTTP/1.1" 200 31364
INFO 2025-05-06 02:34:58,325 basehttp "POST /scanner/target/add/ HTTP/1.1" 302 0
INFO 2025-05-06 02:34:58,341 basehttp "GET /scanner/target/4/ HTTP/1.1" 200 25220
INFO 2025-05-06 02:35:00,538 basehttp "GET /scanner/ HTTP/1.1" 200 33542
INFO 2025-05-06 02:35:02,881 basehttp "GET /scanner/processes/ HTTP/1.1" 200 32520
WARNING 2025-05-06 02:35:02,912 log Bad Request: /scanner/processes/data/
WARNING 2025-05-06 02:35:02,912 basehttp "GET /scanner/processes/data/ HTTP/1.1" 400 32
INFO 2025-05-06 02:35:05,650 basehttp "GET /scanner/network-info/ HTTP/1.1" 200 34844
INFO 2025-05-06 02:35:06,970 basehttp "GET /scanner/os-info/ HTTP/1.1" 200 49070
INFO 2025-05-06 02:35:07,584 basehttp "GET /scanner/processes/ HTTP/1.1" 200 32520
WARNING 2025-05-06 02:35:07,615 log Bad Request: /scanner/processes/data/
WARNING 2025-05-06 02:35:07,616 basehttp "GET /scanner/processes/data/ HTTP/1.1" 400 32
INFO 2025-05-06 02:35:11,513 basehttp "GET /scanner/network-info/ HTTP/1.1" 200 34844
INFO 2025-05-06 02:35:12,807 basehttp "GET /scanner/processes/ HTTP/1.1" 200 32520
WARNING 2025-05-06 02:35:12,840 log Bad Request: /scanner/processes/data/
WARNING 2025-05-06 02:35:12,841 basehttp "GET /scanner/processes/data/ HTTP/1.1" 400 32
INFO 2025-05-06 02:35:14,362 basehttp "GET /scanner/os-info/ HTTP/1.1" 200 49070
INFO 2025-05-06 02:35:21,434 basehttp "GET /scanner/network-info/ HTTP/1.1" 200 34844
INFO 2025-05-06 02:35:21,848 basehttp "GET /scanner/processes/ HTTP/1.1" 200 32520
WARNING 2025-05-06 02:35:21,881 log Bad Request: /scanner/processes/data/
WARNING 2025-05-06 02:35:21,882 basehttp "GET /scanner/processes/data/ HTTP/1.1" 400 32
INFO 2025-05-06 02:35:24,369 basehttp "GET /scanner/processes/ HTTP/1.1" 200 32520
WARNING 2025-05-06 02:35:24,397 log Bad Request: /scanner/processes/data/
WARNING 2025-05-06 02:35:24,398 basehttp "GET /scanner/processes/data/ HTTP/1.1" 400 32
INFO 2025-05-06 02:35:26,443 basehttp "GET /scanner/ HTTP/1.1" 200 33542
INFO 2025-05-06 02:35:29,377 basehttp "POST /scanner/target/4/delete/ HTTP/1.1" 302 0
INFO 2025-05-06 02:35:29,391 basehttp "GET /scanner/ HTTP/1.1" 200 31744
ERROR 2025-05-06 02:35:58,389 log Internal Server Error: /scanner/processes/
Traceback (most recent call last):
  File "D:\installed\py\Lib\site-packages\django\core\handlers\exception.py", line 55, in inner
    response = get_response(request)
               ^^^^^^^^^^^^^^^^^^^^^
  File "D:\installed\py\Lib\site-packages\django\core\handlers\base.py", line 197, in _get_response
    response = wrapped_callback(request, *callback_args, **callback_kwargs)
               ^^^^^^^^^^^^^^^^^^^^^^^^^^^^^^^^^^^^^^^^^^^^^^^^^^^^^^^^^^^^
  File "D:\installed\py\Lib\site-packages\django\contrib\auth\decorators.py", line 23, in _wrapper_view
    return view_func(request, *args, **kwargs)
           ^^^^^^^^^^^^^^^^^^^^^^^^^^^^^^^^^^^
  File "D:\coding_stuff\py\vuln_scanner\dashboard\scanner\views.py", line 410, in processes
    return render(request, 'scanner/processes.html', context)
           ^^^^^^^^^^^^^^^^^^^^^^^^^^^^^^^^^^^^^^^^^^^^^^^^^^
  File "D:\installed\py\Lib\site-packages\django\shortcuts.py", line 24, in render
    content = loader.render_to_string(template_name, context, request, using=using)
              ^^^^^^^^^^^^^^^^^^^^^^^^^^^^^^^^^^^^^^^^^^^^^^^^^^^^^^^^^^^^^^^^^^^^^
  File "D:\installed\py\Lib\site-packages\django\template\loader.py", line 62, in render_to_string
    return template.render(context, request)
           ^^^^^^^^^^^^^^^^^^^^^^^^^^^^^^^^^
  File "D:\installed\py\Lib\site-packages\django\template\backends\django.py", line 61, in render
    return self.template.render(context)
           ^^^^^^^^^^^^^^^^^^^^^^^^^^^^^
  File "D:\installed\py\Lib\site-packages\django\template\base.py", line 175, in render
    return self._render(context)
           ^^^^^^^^^^^^^^^^^^^^^
  File "D:\installed\py\Lib\site-packages\django\template\base.py", line 167, in _render
    return self.nodelist.render(context)
           ^^^^^^^^^^^^^^^^^^^^^^^^^^^^^
  File "D:\installed\py\Lib\site-packages\django\template\base.py", line 1005, in render
    return SafeString("".join([node.render_annotated(context) for node in self]))
                               ^^^^^^^^^^^^^^^^^^^^^^^^^^^^^^
  File "D:\installed\py\Lib\site-packages\django\template\base.py", line 966, in render_annotated
    return self.render(context)
           ^^^^^^^^^^^^^^^^^^^^
  File "D:\installed\py\Lib\site-packages\django\template\loader_tags.py", line 157, in render
    return compiled_parent._render(context)
           ^^^^^^^^^^^^^^^^^^^^^^^^^^^^^^^^
  File "D:\installed\py\Lib\site-packages\django\template\base.py", line 167, in _render
    return self.nodelist.render(context)
           ^^^^^^^^^^^^^^^^^^^^^^^^^^^^^
  File "D:\installed\py\Lib\site-packages\django\template\base.py", line 1005, in render
    return SafeString("".join([node.render_annotated(context) for node in self]))
                               ^^^^^^^^^^^^^^^^^^^^^^^^^^^^^^
  File "D:\installed\py\Lib\site-packages\django\template\base.py", line 966, in render_annotated
    return self.render(context)
           ^^^^^^^^^^^^^^^^^^^^
  File "D:\installed\py\Lib\site-packages\django\template\loader_tags.py", line 63, in render
    result = block.nodelist.render(context)
             ^^^^^^^^^^^^^^^^^^^^^^^^^^^^^^
  File "D:\installed\py\Lib\site-packages\django\template\base.py", line 1005, in render
    return SafeString("".join([node.render_annotated(context) for node in self]))
                               ^^^^^^^^^^^^^^^^^^^^^^^^^^^^^^
  File "D:\installed\py\Lib\site-packages\django\template\base.py", line 966, in render_annotated
    return self.render(context)
           ^^^^^^^^^^^^^^^^^^^^
  File "D:\installed\py\Lib\site-packages\django\template\defaulttags.py", line 471, in render
    url = reverse(view_name, args=args, kwargs=kwargs, current_app=current_app)
          ^^^^^^^^^^^^^^^^^^^^^^^^^^^^^^^^^^^^^^^^^^^^^^^^^^^^^^^^^^^^^^^^^^^^^
  File "D:\installed\py\Lib\site-packages\django\urls\base.py", line 88, in reverse
    return resolver._reverse_with_prefix(view, prefix, *args, **kwargs)
           ^^^^^^^^^^^^^^^^^^^^^^^^^^^^^^^^^^^^^^^^^^^^^^^^^^^^^^^^^^^^
  File "D:\installed\py\Lib\site-packages\django\urls\resolvers.py", line 828, in _reverse_with_prefix
    raise NoReverseMatch(msg)
django.urls.exceptions.NoReverseMatch: Reverse for 'analyze_process' not found. 'analyze_process' is not a valid view function or pattern name.
ERROR 2025-05-06 02:35:58,394 basehttp "GET /scanner/processes/ HTTP/1.1" 500 164172
ERROR 2025-05-06 02:36:06,605 log Internal Server Error: /scanner/processes/
Traceback (most recent call last):
  File "D:\installed\py\Lib\site-packages\django\core\handlers\exception.py", line 55, in inner
    response = get_response(request)
               ^^^^^^^^^^^^^^^^^^^^^
  File "D:\installed\py\Lib\site-packages\django\core\handlers\base.py", line 197, in _get_response
    response = wrapped_callback(request, *callback_args, **callback_kwargs)
               ^^^^^^^^^^^^^^^^^^^^^^^^^^^^^^^^^^^^^^^^^^^^^^^^^^^^^^^^^^^^
  File "D:\installed\py\Lib\site-packages\django\contrib\auth\decorators.py", line 23, in _wrapper_view
    return view_func(request, *args, **kwargs)
           ^^^^^^^^^^^^^^^^^^^^^^^^^^^^^^^^^^^
  File "D:\coding_stuff\py\vuln_scanner\dashboard\scanner\views.py", line 410, in processes
    return render(request, 'scanner/processes.html', context)
           ^^^^^^^^^^^^^^^^^^^^^^^^^^^^^^^^^^^^^^^^^^^^^^^^^^
  File "D:\installed\py\Lib\site-packages\django\shortcuts.py", line 24, in render
    content = loader.render_to_string(template_name, context, request, using=using)
              ^^^^^^^^^^^^^^^^^^^^^^^^^^^^^^^^^^^^^^^^^^^^^^^^^^^^^^^^^^^^^^^^^^^^^
  File "D:\installed\py\Lib\site-packages\django\template\loader.py", line 62, in render_to_string
    return template.render(context, request)
           ^^^^^^^^^^^^^^^^^^^^^^^^^^^^^^^^^
  File "D:\installed\py\Lib\site-packages\django\template\backends\django.py", line 61, in render
    return self.template.render(context)
           ^^^^^^^^^^^^^^^^^^^^^^^^^^^^^
  File "D:\installed\py\Lib\site-packages\django\template\base.py", line 175, in render
    return self._render(context)
           ^^^^^^^^^^^^^^^^^^^^^
  File "D:\installed\py\Lib\site-packages\django\template\base.py", line 167, in _render
    return self.nodelist.render(context)
           ^^^^^^^^^^^^^^^^^^^^^^^^^^^^^
  File "D:\installed\py\Lib\site-packages\django\template\base.py", line 1005, in render
    return SafeString("".join([node.render_annotated(context) for node in self]))
                               ^^^^^^^^^^^^^^^^^^^^^^^^^^^^^^
  File "D:\installed\py\Lib\site-packages\django\template\base.py", line 966, in render_annotated
    return self.render(context)
           ^^^^^^^^^^^^^^^^^^^^
  File "D:\installed\py\Lib\site-packages\django\template\loader_tags.py", line 157, in render
    return compiled_parent._render(context)
           ^^^^^^^^^^^^^^^^^^^^^^^^^^^^^^^^
  File "D:\installed\py\Lib\site-packages\django\template\base.py", line 167, in _render
    return self.nodelist.render(context)
           ^^^^^^^^^^^^^^^^^^^^^^^^^^^^^
  File "D:\installed\py\Lib\site-packages\django\template\base.py", line 1005, in render
    return SafeString("".join([node.render_annotated(context) for node in self]))
                               ^^^^^^^^^^^^^^^^^^^^^^^^^^^^^^
  File "D:\installed\py\Lib\site-packages\django\template\base.py", line 966, in render_annotated
    return self.render(context)
           ^^^^^^^^^^^^^^^^^^^^
  File "D:\installed\py\Lib\site-packages\django\template\loader_tags.py", line 63, in render
    result = block.nodelist.render(context)
             ^^^^^^^^^^^^^^^^^^^^^^^^^^^^^^
  File "D:\installed\py\Lib\site-packages\django\template\base.py", line 1005, in render
    return SafeString("".join([node.render_annotated(context) for node in self]))
                               ^^^^^^^^^^^^^^^^^^^^^^^^^^^^^^
  File "D:\installed\py\Lib\site-packages\django\template\base.py", line 966, in render_annotated
    return self.render(context)
           ^^^^^^^^^^^^^^^^^^^^
  File "D:\installed\py\Lib\site-packages\django\template\defaulttags.py", line 471, in render
    url = reverse(view_name, args=args, kwargs=kwargs, current_app=current_app)
          ^^^^^^^^^^^^^^^^^^^^^^^^^^^^^^^^^^^^^^^^^^^^^^^^^^^^^^^^^^^^^^^^^^^^^
  File "D:\installed\py\Lib\site-packages\django\urls\base.py", line 88, in reverse
    return resolver._reverse_with_prefix(view, prefix, *args, **kwargs)
           ^^^^^^^^^^^^^^^^^^^^^^^^^^^^^^^^^^^^^^^^^^^^^^^^^^^^^^^^^^^^
  File "D:\installed\py\Lib\site-packages\django\urls\resolvers.py", line 828, in _reverse_with_prefix
    raise NoReverseMatch(msg)
django.urls.exceptions.NoReverseMatch: Reverse for 'analyze_process' not found. 'analyze_process' is not a valid view function or pattern name.
ERROR 2025-05-06 02:36:06,608 basehttp "GET /scanner/processes/ HTTP/1.1" 500 164309
ERROR 2025-05-06 02:36:08,529 log Internal Server Error: /scanner/processes/
Traceback (most recent call last):
  File "D:\installed\py\Lib\site-packages\django\core\handlers\exception.py", line 55, in inner
    response = get_response(request)
               ^^^^^^^^^^^^^^^^^^^^^
  File "D:\installed\py\Lib\site-packages\django\core\handlers\base.py", line 197, in _get_response
    response = wrapped_callback(request, *callback_args, **callback_kwargs)
               ^^^^^^^^^^^^^^^^^^^^^^^^^^^^^^^^^^^^^^^^^^^^^^^^^^^^^^^^^^^^
  File "D:\installed\py\Lib\site-packages\django\contrib\auth\decorators.py", line 23, in _wrapper_view
    return view_func(request, *args, **kwargs)
           ^^^^^^^^^^^^^^^^^^^^^^^^^^^^^^^^^^^
  File "D:\coding_stuff\py\vuln_scanner\dashboard\scanner\views.py", line 410, in processes
    return render(request, 'scanner/processes.html', context)
           ^^^^^^^^^^^^^^^^^^^^^^^^^^^^^^^^^^^^^^^^^^^^^^^^^^
  File "D:\installed\py\Lib\site-packages\django\shortcuts.py", line 24, in render
    content = loader.render_to_string(template_name, context, request, using=using)
              ^^^^^^^^^^^^^^^^^^^^^^^^^^^^^^^^^^^^^^^^^^^^^^^^^^^^^^^^^^^^^^^^^^^^^
  File "D:\installed\py\Lib\site-packages\django\template\loader.py", line 62, in render_to_string
    return template.render(context, request)
           ^^^^^^^^^^^^^^^^^^^^^^^^^^^^^^^^^
  File "D:\installed\py\Lib\site-packages\django\template\backends\django.py", line 61, in render
    return self.template.render(context)
           ^^^^^^^^^^^^^^^^^^^^^^^^^^^^^
  File "D:\installed\py\Lib\site-packages\django\template\base.py", line 175, in render
    return self._render(context)
           ^^^^^^^^^^^^^^^^^^^^^
  File "D:\installed\py\Lib\site-packages\django\template\base.py", line 167, in _render
    return self.nodelist.render(context)
           ^^^^^^^^^^^^^^^^^^^^^^^^^^^^^
  File "D:\installed\py\Lib\site-packages\django\template\base.py", line 1005, in render
    return SafeString("".join([node.render_annotated(context) for node in self]))
                               ^^^^^^^^^^^^^^^^^^^^^^^^^^^^^^
  File "D:\installed\py\Lib\site-packages\django\template\base.py", line 966, in render_annotated
    return self.render(context)
           ^^^^^^^^^^^^^^^^^^^^
  File "D:\installed\py\Lib\site-packages\django\template\loader_tags.py", line 157, in render
    return compiled_parent._render(context)
           ^^^^^^^^^^^^^^^^^^^^^^^^^^^^^^^^
  File "D:\installed\py\Lib\site-packages\django\template\base.py", line 167, in _render
    return self.nodelist.render(context)
           ^^^^^^^^^^^^^^^^^^^^^^^^^^^^^
  File "D:\installed\py\Lib\site-packages\django\template\base.py", line 1005, in render
    return SafeString("".join([node.render_annotated(context) for node in self]))
                               ^^^^^^^^^^^^^^^^^^^^^^^^^^^^^^
  File "D:\installed\py\Lib\site-packages\django\template\base.py", line 966, in render_annotated
    return self.render(context)
           ^^^^^^^^^^^^^^^^^^^^
  File "D:\installed\py\Lib\site-packages\django\template\loader_tags.py", line 63, in render
    result = block.nodelist.render(context)
             ^^^^^^^^^^^^^^^^^^^^^^^^^^^^^^
  File "D:\installed\py\Lib\site-packages\django\template\base.py", line 1005, in render
    return SafeString("".join([node.render_annotated(context) for node in self]))
                               ^^^^^^^^^^^^^^^^^^^^^^^^^^^^^^
  File "D:\installed\py\Lib\site-packages\django\template\base.py", line 966, in render_annotated
    return self.render(context)
           ^^^^^^^^^^^^^^^^^^^^
  File "D:\installed\py\Lib\site-packages\django\template\defaulttags.py", line 471, in render
    url = reverse(view_name, args=args, kwargs=kwargs, current_app=current_app)
          ^^^^^^^^^^^^^^^^^^^^^^^^^^^^^^^^^^^^^^^^^^^^^^^^^^^^^^^^^^^^^^^^^^^^^
  File "D:\installed\py\Lib\site-packages\django\urls\base.py", line 88, in reverse
    return resolver._reverse_with_prefix(view, prefix, *args, **kwargs)
           ^^^^^^^^^^^^^^^^^^^^^^^^^^^^^^^^^^^^^^^^^^^^^^^^^^^^^^^^^^^^
  File "D:\installed\py\Lib\site-packages\django\urls\resolvers.py", line 828, in _reverse_with_prefix
    raise NoReverseMatch(msg)
django.urls.exceptions.NoReverseMatch: Reverse for 'analyze_process' not found. 'analyze_process' is not a valid view function or pattern name.
ERROR 2025-05-06 02:36:08,532 basehttp "GET /scanner/processes/ HTTP/1.1" 500 164172
INFO 2025-05-06 02:36:38,701 autoreload D:\coding_stuff\py\vuln_scanner\dashboard\scanner\urls.py changed, reloading.
INFO 2025-05-06 02:36:39,322 autoreload Watching for file changes with StatReloader
INFO 2025-05-06 02:36:51,670 autoreload D:\coding_stuff\py\vuln_scanner\dashboard\scanner\views.py changed, reloading.
INFO 2025-05-06 02:36:52,445 autoreload Watching for file changes with StatReloader
INFO 2025-05-06 02:37:22,459 autoreload D:\coding_stuff\py\vuln_scanner\dashboard\scanner\views.py changed, reloading.
INFO 2025-05-06 02:37:23,182 autoreload Watching for file changes with StatReloader
INFO 2025-05-06 02:37:30,526 autoreload D:\coding_stuff\py\vuln_scanner\dashboard\scanner\views.py changed, reloading.
INFO 2025-05-06 02:37:31,077 autoreload Watching for file changes with StatReloader
INFO 2025-05-06 02:37:44,692 autoreload Watching for file changes with StatReloader
INFO 2025-05-06 02:37:52,895 basehttp "GET /scanner/processes/ HTTP/1.1" 200 27956
INFO 2025-05-06 02:37:56,731 basehttp "GET /scanner/processes/?target_id=3&refresh=true HTTP/1.1" 200 28110
INFO 2025-05-06 02:38:02,215 basehttp "GET /scanner/processes/?target_id=3&refresh=true HTTP/1.1" 200 28110
INFO 2025-05-06 02:38:11,620 basehttp "GET /scanner/processes/?target_id=3&refresh=true HTTP/1.1" 200 28110
INFO 2025-05-06 02:38:12,838 basehttp "GET /scanner/processes/?target_id=3&refresh=true HTTP/1.1" 200 28110
INFO 2025-05-06 02:38:14,761 basehttp "GET /scanner/processes/?target_id=3&refresh=true HTTP/1.1" 200 28110
INFO 2025-05-06 02:38:18,009 basehttp "GET /scanner/processes/?target_id=3&refresh=true HTTP/1.1" 200 28110
INFO 2025-05-06 02:38:18,190 basehttp "GET /scanner/processes/?target_id=3&refresh=true HTTP/1.1" 200 28110
INFO 2025-05-06 02:38:20,901 basehttp "GET /scanner/processes/?target_id=3&refresh=true HTTP/1.1" 200 28110
INFO 2025-05-06 02:38:22,844 basehttp "GET /scanner/processes/?target_id=3&refresh=true HTTP/1.1" 200 28110
INFO 2025-05-06 02:39:29,690 basehttp "GET /scanner/processes/?refresh=true HTTP/1.1" 200 28110
INFO 2025-05-06 02:39:31,460 basehttp "GET /scanner/processes/?target_id=3&refresh=true HTTP/1.1" 200 28110
INFO 2025-05-06 02:39:33,042 basehttp "GET /scanner/processes/?target_id=3&refresh=true HTTP/1.1" 200 28110
INFO 2025-05-06 02:39:33,874 basehttp "GET /scanner/processes/?target_id=3&refresh=true HTTP/1.1" 200 28110
INFO 2025-05-06 02:39:35,023 basehttp "GET /scanner/processes/?target_id=3&refresh=true HTTP/1.1" 200 28110
INFO 2025-05-06 02:39:35,266 basehttp "GET /scanner/processes/?target_id=3&refresh=true HTTP/1.1" 200 28110
INFO 2025-05-06 02:39:35,429 basehttp "GET /scanner/processes/?target_id=3&refresh=true HTTP/1.1" 200 28110
INFO 2025-05-06 02:39:35,618 basehttp "GET /scanner/processes/?target_id=3&refresh=true HTTP/1.1" 200 28110
INFO 2025-05-06 02:39:35,796 basehttp "GET /scanner/processes/?target_id=3&refresh=true HTTP/1.1" 200 28110
INFO 2025-05-06 02:39:35,980 basehttp "GET /scanner/processes/?target_id=3&refresh=true HTTP/1.1" 200 28110
INFO 2025-05-06 02:39:39,767 basehttp "GET /scanner/os-info/ HTTP/1.1" 200 48377
INFO 2025-05-06 02:39:46,110 basehttp "GET /scanner/target/3/section/os_details/ HTTP/1.1" 200 1576
INFO 2025-05-06 02:39:52,851 basehttp "GET /scanner/processes/?refresh=true HTTP/1.1" 200 28478
INFO 2025-05-06 02:39:56,962 basehttp "GET /scanner/processes/ HTTP/1.1" 200 27956
INFO 2025-05-06 02:39:58,149 basehttp "GET /scanner/processes/ HTTP/1.1" 200 27956
INFO 2025-05-06 02:40:00,017 basehttp "GET /scanner/processes/?target_id=3&refresh=true HTTP/1.1" 200 28110
INFO 2025-05-06 02:40:20,479 basehttp "GET /scanner/processes/?target_id=3&refresh=true HTTP/1.1" 200 28110
INFO 2025-05-06 02:40:20,979 basehttp "GET /scanner/processes/?target_id=3&refresh=true HTTP/1.1" 200 28110
INFO 2025-05-06 02:40:21,187 basehttp "GET /scanner/processes/?target_id=3&refresh=true HTTP/1.1" 200 28110
INFO 2025-05-06 02:40:21,422 basehttp "GET /scanner/processes/?target_id=3&refresh=true HTTP/1.1" 200 28110
INFO 2025-05-06 02:40:58,713 basehttp "GET /scanner/processes/?target_id=3&refresh=true HTTP/1.1" 200 28110
INFO 2025-05-06 02:44:17,781 basehttp "GET /scanner/processes/?target_id=3&refresh=true HTTP/1.1" 200 28110
INFO 2025-05-06 02:44:18,729 basehttp "GET /scanner/processes/?target_id=3&refresh=true HTTP/1.1" 200 28110
INFO 2025-05-06 02:44:19,545 basehttp "GET /scanner/processes/?target_id=3&refresh=true HTTP/1.1" 200 28110
INFO 2025-05-06 02:44:20,222 basehttp "GET /scanner/processes/?target_id=3&refresh=true HTTP/1.1" 200 28110
INFO 2025-05-06 02:44:20,431 basehttp "GET /scanner/processes/?target_id=3&refresh=true HTTP/1.1" 200 28110
INFO 2025-05-06 02:44:24,846 basehttp "GET /scanner/processes/?target_id=3&refresh=true HTTP/1.1" 200 28110
INFO 2025-05-06 02:44:25,056 basehttp "GET /scanner/processes/?target_id=3&refresh=true HTTP/1.1" 200 28110
INFO 2025-05-06 02:44:25,213 basehttp "GET /scanner/processes/?target_id=3&refresh=true HTTP/1.1" 200 28110
INFO 2025-05-06 02:44:25,397 basehttp "GET /scanner/processes/?target_id=3&refresh=true HTTP/1.1" 200 28110
INFO 2025-05-06 02:44:25,600 basehttp "GET /scanner/processes/?target_id=3&refresh=true HTTP/1.1" 200 28110
INFO 2025-05-06 02:44:25,809 basehttp "GET /scanner/processes/?target_id=3&refresh=true HTTP/1.1" 200 28110
INFO 2025-05-06 02:44:51,889 basehttp "GET /scanner/processes/?target_id=3&refresh=true HTTP/1.1" 200 28110
INFO 2025-05-06 02:44:57,515 basehttp "GET /scanner/processes/?target_id=3&refresh=true HTTP/1.1" 200 28110
INFO 2025-05-06 02:44:58,176 basehttp "GET /scanner/processes/?target_id=3&refresh=true HTTP/1.1" 200 28110
INFO 2025-05-06 02:44:58,437 basehttp "GET /scanner/processes/?target_id=3&refresh=true HTTP/1.1" 200 28110
INFO 2025-05-06 02:44:58,627 basehttp "GET /scanner/processes/?target_id=3&refresh=true HTTP/1.1" 200 28110
INFO 2025-05-06 02:45:00,009 basehttp "GET /scanner/processes/?target_id=3&refresh=true HTTP/1.1" 200 28110
INFO 2025-05-06 02:45:00,671 basehttp "GET /scanner/processes/?target_id=3&refresh=true HTTP/1.1" 200 28110
INFO 2025-05-06 02:45:00,909 basehttp "GET /scanner/processes/?target_id=3&refresh=true HTTP/1.1" 200 28110
INFO 2025-05-06 02:45:16,631 autoreload Watching for file changes with StatReloader
INFO 2025-05-06 02:45:19,436 basehttp "GET /scanner/processes/?target_id=3&refresh=true HTTP/1.1" 200 28110
INFO 2025-05-06 02:45:21,261 basehttp "GET /scanner/processes/?target_id=3&refresh=true HTTP/1.1" 200 28110
INFO 2025-05-06 02:45:22,395 basehttp "GET /scanner/network-info/ HTTP/1.1" 200 34702
INFO 2025-05-06 02:45:22,744 basehttp "GET /scanner/os-info/ HTTP/1.1" 200 48377
INFO 2025-05-06 02:45:25,017 basehttp "GET /scanner/target/3/section/system_overview/ HTTP/1.1" 200 868
INFO 2025-05-06 02:45:29,786 basehttp "GET /scanner/target/3/section/os_details/ HTTP/1.1" 200 1576
INFO 2025-05-06 02:45:38,099 basehttp "GET /scanner/processes/ HTTP/1.1" 200 28721
INFO 2025-05-06 02:45:41,609 basehttp "GET /scanner/processes/?target_id=3&refresh=true HTTP/1.1" 200 28110
INFO 2025-05-06 02:45:58,470 autoreload D:\coding_stuff\py\vuln_scanner\proto\pro\protocol.py changed, reloading.
INFO 2025-05-06 02:45:59,002 autoreload D:\coding_stuff\py\vuln_scanner\proto\pro\protocol.py changed, reloading.
INFO 2025-05-06 02:45:59,209 autoreload Watching for file changes with StatReloader
INFO 2025-05-06 02:45:59,672 autoreload Watching for file changes with StatReloader
INFO 2025-05-06 02:47:42,491 autoreload D:\coding_stuff\py\vuln_scanner\dashboard\scanner\views.py changed, reloading.
INFO 2025-05-06 02:47:42,918 autoreload D:\coding_stuff\py\vuln_scanner\dashboard\scanner\views.py changed, reloading.
INFO 2025-05-06 02:47:43,299 autoreload Watching for file changes with StatReloader
INFO 2025-05-06 02:47:43,686 autoreload Watching for file changes with StatReloader
INFO 2025-05-06 02:48:06,126 autoreload Watching for file changes with StatReloader
INFO 2025-05-06 02:48:10,798 basehttp "GET /scanner/processes/?target_id=3&refresh=true HTTP/1.1" 200 28110
INFO 2025-05-06 02:50:29,787 basehttp "GET /scanner/processes/?target_id=3&refresh=true HTTP/1.1" 200 28110
INFO 2025-05-06 02:51:56,251 autoreload Watching for file changes with StatReloader
INFO 2025-05-06 02:52:01,485 basehttp "GET /scanner/processes/?target_id=3&refresh=true HTTP/1.1" 200 28110
INFO 2025-05-06 02:52:42,716 basehttp "GET /scanner/processes/?target_id=3&refresh=true HTTP/1.1" 200 28110
INFO 2025-05-06 08:47:07,154 basehttp "GET /scanner/processes/?target_id=3&refresh=true HTTP/1.1" 302 0
INFO 2025-05-06 08:47:07,180 basehttp "GET /login/?next=/scanner/processes/%3Ftarget_id%3D3%26refresh%3Dtrue HTTP/1.1" 200 17238
INFO 2025-05-06 08:47:12,890 basehttp "GET /login/?next=/scanner/processes/%3Ftarget_id%3D3%26refresh%3Dtrue HTTP/1.1" 200 17238
INFO 2025-05-06 08:47:16,962 basehttp "GET / HTTP/1.1" 302 0
INFO 2025-05-06 08:47:16,967 basehttp "GET /scanner/ HTTP/1.1" 302 0
INFO 2025-05-06 08:47:16,974 basehttp "GET /login/?next=/scanner/ HTTP/1.1" 200 17199
INFO 2025-05-06 08:47:19,675 basehttp "GET /scanner/os-info/ HTTP/1.1" 302 0
INFO 2025-05-06 08:47:19,682 basehttp "GET /login/?next=/scanner/os-info/ HTTP/1.1" 200 17207
INFO 2025-05-06 08:47:20,444 basehttp "GET /scanner/processes/ HTTP/1.1" 302 0
INFO 2025-05-06 08:47:20,450 basehttp "GET /login/?next=/scanner/processes/ HTTP/1.1" 200 17209
INFO 2025-05-06 08:47:20,894 basehttp "GET /login/?next=/scanner/processes/%3Ftarget_id%3D3%26refresh%3Dtrue HTTP/1.1" 200 17238
INFO 2025-05-06 08:47:21,318 basehttp "GET /login/?next=/scanner/processes/%3Ftarget_id%3D3%26refresh%3Dtrue HTTP/1.1" 200 17238
INFO 2025-05-06 08:47:21,688 basehttp "GET /login/?next=/scanner/processes/%3Ftarget_id%3D3%26refresh%3Dtrue HTTP/1.1" 200 17238
INFO 2025-05-06 08:47:22,035 basehttp "GET /login/?next=/scanner/processes/%3Ftarget_id%3D3%26refresh%3Dtrue HTTP/1.1" 200 17238
INFO 2025-05-06 08:47:22,424 basehttp "GET /login/?next=/scanner/processes/%3Ftarget_id%3D3%26refresh%3Dtrue HTTP/1.1" 200 17238
INFO 2025-05-06 08:47:22,822 basehttp "GET /login/?next=/scanner/processes/%3Ftarget_id%3D3%26refresh%3Dtrue HTTP/1.1" 200 17238
INFO 2025-05-06 08:47:23,239 basehttp "GET /login/?next=/scanner/processes/%3Ftarget_id%3D3%26refresh%3Dtrue HTTP/1.1" 200 17238
INFO 2025-05-06 08:47:23,664 basehttp "GET /login/?next=/scanner/processes/%3Ftarget_id%3D3%26refresh%3Dtrue HTTP/1.1" 200 17238
INFO 2025-05-06 08:47:29,003 basehttp "GET / HTTP/1.1" 302 0
INFO 2025-05-06 08:47:29,105 basehttp "GET /scanner/ HTTP/1.1" 302 0
INFO 2025-05-06 08:47:29,145 basehttp "GET /login/?next=/scanner/ HTTP/1.1" 200 17199
WARNING 2025-05-06 08:47:29,275 log Not Found: /favicon.ico
WARNING 2025-05-06 08:47:29,275 basehttp "GET /favicon.ico HTTP/1.1" 404 3106
INFO 2025-05-06 08:47:31,802 basehttp "POST /login/ HTTP/1.1" 302 0
INFO 2025-05-06 08:47:31,837 basehttp "GET /scanner/ HTTP/1.1" 200 31364
INFO 2025-05-06 08:47:34,689 basehttp "GET /scanner/network-info/ HTTP/1.1" 200 34702
INFO 2025-05-06 08:47:35,151 basehttp "GET /scanner/processes/ HTTP/1.1" 200 27956
INFO 2025-05-06 08:47:36,674 basehttp "GET /scanner/processes/?target_id=3&refresh=true HTTP/1.1" 200 28110
INFO 2025-05-06 08:51:37,142 basehttp "GET /scanner/processes/?target_id=3&refresh=true HTTP/1.1" 302 0
INFO 2025-05-06 08:51:37,148 basehttp "GET /login/?next=/scanner/processes/%3Ftarget_id%3D3%26refresh%3Dtrue HTTP/1.1" 200 17238
WARNING 2025-05-06 08:51:37,303 log Not Found: /favicon.ico
WARNING 2025-05-06 08:51:37,303 basehttp "GET /favicon.ico HTTP/1.1" 404 3106
INFO 2025-05-06 08:51:48,573 basehttp "POST /login/ HTTP/1.1" 302 0
INFO 2025-05-06 08:51:48,599 basehttp "GET /scanner/processes/?target_id=3&refresh=true HTTP/1.1" 200 28110
INFO 2025-05-06 08:51:51,441 basehttp "GET /scanner/processes/?target_id=3&refresh=true HTTP/1.1" 200 28110
INFO 2025-05-06 08:51:51,745 basehttp "GET /scanner/processes/?target_id=3&refresh=true HTTP/1.1" 200 28110
INFO 2025-05-06 08:52:04,018 basehttp "GET /scanner/network-info/ HTTP/1.1" 200 34702
INFO 2025-05-06 08:52:04,599 basehttp "GET /scanner/processes/ HTTP/1.1" 200 27956
INFO 2025-05-06 08:52:16,663 basehttp "GET /scanner/processes/?target_id=3&refresh=true HTTP/1.1" 200 28110
INFO 2025-05-06 08:53:20,928 basehttp "GET /scanner/processes/?target_id=3&refresh=true HTTP/1.1" 200 28110
INFO 2025-05-06 08:54:05,587 autoreload D:\coding_stuff\py\vuln_scanner\dashboard\scanner\views.py changed, reloading.
INFO 2025-05-06 08:54:06,145 autoreload D:\coding_stuff\py\vuln_scanner\dashboard\scanner\views.py changed, reloading.
INFO 2025-05-06 08:54:06,391 autoreload Watching for file changes with StatReloader
INFO 2025-05-06 08:54:06,885 autoreload Watching for file changes with StatReloader
INFO 2025-05-06 08:54:15,812 autoreload D:\coding_stuff\py\vuln_scanner\dashboard\scanner\views.py changed, reloading.
INFO 2025-05-06 08:54:16,160 autoreload D:\coding_stuff\py\vuln_scanner\dashboard\scanner\views.py changed, reloading.
INFO 2025-05-06 08:54:16,502 autoreload Watching for file changes with StatReloader
INFO 2025-05-06 08:54:16,908 autoreload Watching for file changes with StatReloader
INFO 2025-05-06 08:54:24,891 autoreload D:\coding_stuff\py\vuln_scanner\dashboard\scanner\views.py changed, reloading.
INFO 2025-05-06 08:54:25,174 autoreload D:\coding_stuff\py\vuln_scanner\dashboard\scanner\views.py changed, reloading.
INFO 2025-05-06 08:54:25,637 autoreload Watching for file changes with StatReloader
INFO 2025-05-06 08:54:25,897 autoreload Watching for file changes with StatReloader
INFO 2025-05-06 08:54:38,695 autoreload Watching for file changes with StatReloader
INFO 2025-05-06 08:54:43,082 basehttp "GET /scanner/processes/?target_id=3&refresh=true HTTP/1.1" 200 28110
INFO 2025-05-06 08:55:48,885 autoreload Watching for file changes with StatReloader
INFO 2025-05-06 08:55:53,656 basehttp "GET /scanner/processes/?target_id=3&refresh=true HTTP/1.1" 200 28110
INFO 2025-05-06 08:57:14,198 basehttp "GET /scanner/processes/?target_id=3&refresh=true HTTP/1.1" 200 28110
INFO 2025-05-06 09:03:03,397 basehttp "GET /scanner/processes/?target_id=3&refresh=true HTTP/1.1" 200 28110
INFO 2025-05-06 09:03:05,484 basehttp "GET /scanner/processes/?target_id=3&refresh=true HTTP/1.1" 200 28110
INFO 2025-05-06 12:35:35,809 autoreload Watching for file changes with StatReloader
INFO 2025-05-06 12:36:05,019 basehttp "GET / HTTP/1.1" 302 0
INFO 2025-05-06 12:36:05,035 basehttp "GET /scanner/ HTTP/1.1" 302 0
INFO 2025-05-06 12:36:05,059 basehttp "GET /login/?next=/scanner/ HTTP/1.1" 200 17199
WARNING 2025-05-06 12:36:05,316 log Not Found: /favicon.ico
WARNING 2025-05-06 12:36:05,317 basehttp "GET /favicon.ico HTTP/1.1" 404 3106
INFO 2025-05-06 12:36:07,420 basehttp "POST /login/ HTTP/1.1" 302 0
INFO 2025-05-06 12:36:07,477 basehttp "GET /scanner/ HTTP/1.1" 200 31364
INFO 2025-05-06 12:36:27,523 basehttp "POST /scanner/scan-network/ HTTP/1.1" 302 0
INFO 2025-05-06 12:36:27,568 basehttp "GET /scanner/network-info/ HTTP/1.1" 200 40484
INFO 2025-05-06 12:49:05,987 basehttp "GET /scanner/processes/ HTTP/1.1" 200 27956
INFO 2025-05-06 12:49:21,408 basehttp - Broken pipe from ('127.0.0.1', 52312)
INFO 2025-05-06 12:49:24,013 basehttp "GET /scanner/processes/?target_id=3&refresh=true HTTP/1.1" 200 308445
INFO 2025-05-06 12:50:21,577 basehttp "GET /scanner/network-info/ HTTP/1.1" 200 40115
INFO 2025-05-06 12:50:35,185 basehttp "GET /scanner/os-info/ HTTP/1.1" 200 48377
INFO 2025-05-06 12:50:58,576 basehttp "GET /scanner/os-info/ HTTP/1.1" 200 48377
INFO 2025-05-06 12:50:59,194 basehttp "GET /scanner/os-info/ HTTP/1.1" 200 48377
ERROR 2025-05-06 12:51:34,827 log Internal Server Error: /scanner/target/3/section/installed_software/
INFO 2025-05-06 12:51:34,827 basehttp - Broken pipe from ('127.0.0.1', 52318)
INFO 2025-05-07 07:12:03,719 autoreload Watching for file changes with StatReloader
INFO 2025-05-07 07:12:22,957 basehttp "GET / HTTP/1.1" 302 0
INFO 2025-05-07 07:12:22,965 basehttp "GET /scanner/ HTTP/1.1" 302 0
INFO 2025-05-07 07:12:22,983 basehttp "GET /login/?next=/scanner/ HTTP/1.1" 200 17199
WARNING 2025-05-07 07:12:23,114 log Not Found: /favicon.ico
WARNING 2025-05-07 07:12:23,115 basehttp "GET /favicon.ico HTTP/1.1" 404 3106
INFO 2025-05-07 07:12:24,935 basehttp "POST /login/ HTTP/1.1" 302 0
INFO 2025-05-07 07:12:24,982 basehttp "GET /scanner/ HTTP/1.1" 200 36701
INFO 2025-05-07 07:12:32,406 basehttp "POST /scanner/scan-network/ HTTP/1.1" 302 0
INFO 2025-05-07 07:12:32,428 basehttp "GET /scanner/network-info/ HTTP/1.1" 200 40484
INFO 2025-05-07 07:12:46,535 basehttp "GET /scanner/ HTTP/1.1" 200 36701
INFO 2025-05-07 07:14:02,397 basehttp "GET /scanner/os-info/ HTTP/1.1" 200 48377
INFO 2025-05-07 07:14:05,308 autoreload D:\coding_stuff\py\vuln_scanner\dashboard\scanner\views.py changed, reloading.
INFO 2025-05-07 07:14:06,130 autoreload Watching for file changes with StatReloader
INFO 2025-05-07 07:14:14,756 autoreload D:\coding_stuff\py\vuln_scanner\dashboard\scanner\urls.py changed, reloading.
INFO 2025-05-07 07:14:15,410 autoreload Watching for file changes with StatReloader
INFO 2025-05-07 07:14:51,609 autoreload Watching for file changes with StatReloader
INFO 2025-05-07 07:14:55,921 basehttp "GET /scanner/network-info/ HTTP/1.1" 302 0
INFO 2025-05-07 07:14:55,935 basehttp "GET /login/?next=/scanner/network-info/ HTTP/1.1" 200 17212
WARNING 2025-05-07 07:14:56,037 log Not Found: /favicon.ico
WARNING 2025-05-07 07:14:56,037 basehttp "GET /favicon.ico HTTP/1.1" 404 3106
INFO 2025-05-07 07:15:01,766 basehttp "POST /login/ HTTP/1.1" 302 0
INFO 2025-05-07 07:15:01,801 basehttp "GET /scanner/network-info/ HTTP/1.1" 200 40785
INFO 2025-05-07 07:15:04,939 basehttp "POST /scanner/clear-network-devices/ HTTP/1.1" 302 0
INFO 2025-05-07 07:15:04,952 basehttp "GET /scanner/network-info/ HTTP/1.1" 200 27525
INFO 2025-05-07 07:15:06,827 basehttp "GET /scanner/ HTTP/1.1" 200 24294
INFO 2025-05-07 07:15:11,249 basehttp - Broken pipe from ('127.0.0.1', 63036)
INFO 2025-05-07 07:15:12,171 basehttp "POST /scanner/scan-network/ HTTP/1.1" 302 0
INFO 2025-05-07 07:15:12,175 basehttp "GET /scanner/network-info/ HTTP/1.1" 200 31715
INFO 2025-05-07 07:15:23,883 basehttp "GET /scanner/processes/ HTTP/1.1" 200 27956
INFO 2025-05-07 07:15:35,751 basehttp "GET /scanner/processes/?target_id=3&refresh=true HTTP/1.1" 200 329356
INFO 2025-05-07 07:16:11,040 basehttp "GET /scanner/processes/analyze/?target_id=3&pid=7036 HTTP/1.1" 200 2404
INFO 2025-05-07 07:16:40,961 basehttp "GET /scanner/processes/analyze/?target_id=3&pid=7036 HTTP/1.1" 200 2404
INFO 2025-05-07 07:16:59,764 basehttp "GET /scanner/processes/analyze/?target_id=3&pid=7036 HTTP/1.1" 200 2404
INFO 2025-05-07 07:17:05,075 basehttp "GET /scanner/processes/analyze/?target_id=3&pid=7036 HTTP/1.1" 200 2404
INFO 2025-05-07 07:20:59,148 basehttp "POST /scanner/scan-network/ HTTP/1.1" 302 0
INFO 2025-05-07 07:20:59,167 basehttp "GET /scanner/network-info/ HTTP/1.1" 200 33059
INFO 2025-05-07 07:21:00,986 autoreload D:\coding_stuff\py\vuln_scanner\dashboard\scanner\views.py changed, reloading.
INFO 2025-05-07 07:21:01,763 autoreload Watching for file changes with StatReloader
INFO 2025-05-07 07:21:02,556 basehttp "GET /scanner/target/add/ HTTP/1.1" 200 18572
INFO 2025-05-07 07:21:04,225 basehttp "GET /scanner/ HTTP/1.1" 200 28720
INFO 2025-05-07 07:21:05,323 basehttp "GET /scanner/processes/ HTTP/1.1" 200 29769
INFO 2025-05-07 07:23:01,055 basehttp "GET /scanner/processes/?target_id=3&refresh=true HTTP/1.1" 200 30215
INFO 2025-05-07 07:23:12,123 basehttp "GET /scanner/ HTTP/1.1" 200 28720
INFO 2025-05-07 07:23:16,576 autoreload Watching for file changes with StatReloader
INFO 2025-05-07 07:23:35,196 basehttp "GET / HTTP/1.1" 302 0
INFO 2025-05-07 07:23:35,232 basehttp "GET /scanner/ HTTP/1.1" 200 28720
INFO 2025-05-07 07:23:37,408 basehttp "GET /scanner/processes/ HTTP/1.1" 200 29769
INFO 2025-05-07 07:23:53,474 basehttp "GET /scanner/processes/?target_id=3&refresh=true HTTP/1.1" 200 330756
INFO 2025-05-07 07:24:02,190 basehttp "GET /scanner/ HTTP/1.1" 200 28720
INFO 2025-05-07 07:24:07,998 basehttp "POST /scanner/scan-network/ HTTP/1.1" 302 0
INFO 2025-05-07 07:24:08,019 basehttp "GET /scanner/network-info/ HTTP/1.1" 200 33059
INFO 2025-05-07 07:24:10,099 basehttp - Broken pipe from ('127.0.0.1', 63174)
INFO 2025-05-07 07:25:40,067 basehttp "GET /scanner/processes/ HTTP/1.1" 200 29769
INFO 2025-05-07 07:25:53,165 basehttp "GET /scanner/processes/?target_id=3&refresh=true HTTP/1.1" 200 333507
INFO 2025-05-07 07:25:59,104 basehttp "GET /scanner/processes/analyze/?target_id=3&pid=22248&start=true HTTP/1.1" 200 51
INFO 2025-05-07 07:25:59,120 basehttp "GET /scanner/processes/analyze/?task_id=6da6b739-1d60-4108-b9f5-c351619f3526&target_id=3 HTTP/1.1" 200 2423
INFO 2025-05-07 07:26:02,120 autoreload D:\coding_stuff\py\vuln_scanner\dashboard\scanner\views.py changed, reloading.
INFO 2025-05-07 07:26:02,846 autoreload Watching for file changes with StatReloader
INFO 2025-05-07 07:26:10,140 autoreload D:\coding_stuff\py\vuln_scanner\dashboard\scanner\views.py changed, reloading.
INFO 2025-05-07 07:26:10,830 autoreload Watching for file changes with StatReloader
INFO 2025-05-07 07:26:16,971 basehttp "GET /scanner/processes/analyze/?target_id=3&pid=22248&start=true HTTP/1.1" 200 51
INFO 2025-05-07 07:26:17,000 basehttp "GET /scanner/processes/analyze/?task_id=6926802f-52ef-47df-a7d7-795b490daed4&target_id=3 HTTP/1.1" 200 69
INFO 2025-05-07 07:26:18,020 basehttp "GET /scanner/processes/analyze/?task_id=6926802f-52ef-47df-a7d7-795b490daed4&target_id=3 HTTP/1.1" 200 2423
INFO 2025-05-07 07:26:19,314 autoreload D:\coding_stuff\py\vuln_scanner\dashboard\scanner\views.py changed, reloading.
INFO 2025-05-07 07:26:20,030 autoreload Watching for file changes with StatReloader
INFO 2025-05-07 07:26:24,965 basehttp "GET /scanner/processes/analyze/?target_id=3&pid=22248&start=true HTTP/1.1" 200 51
INFO 2025-05-07 07:26:24,981 basehttp "GET /scanner/processes/analyze/?task_id=4e5922f7-120b-486f-bc89-00a9760fef0e&target_id=3 HTTP/1.1" 200 69
INFO 2025-05-07 07:26:26,014 basehttp "GET /scanner/processes/analyze/?task_id=4e5922f7-120b-486f-bc89-00a9760fef0e&target_id=3 HTTP/1.1" 200 2423
INFO 2025-05-07 07:26:30,614 autoreload D:\coding_stuff\py\vuln_scanner\dashboard\scanner\views.py changed, reloading.
INFO 2025-05-07 07:26:31,271 autoreload Watching for file changes with StatReloader
INFO 2025-05-07 07:27:27,811 basehttp "GET /scanner/processes/?target_id=3&refresh=true HTTP/1.1" 200 334390
INFO 2025-05-07 07:28:11,827 basehttp "GET /scanner/processes/?target_id=3&refresh=true HTTP/1.1" 200 30215
INFO 2025-05-07 07:28:28,176 basehttp "GET /scanner/processes/?target_id=3&refresh=true HTTP/1.1" 200 336133
INFO 2025-05-07 07:29:32,389 basehttp "GET /scanner/processes/?target_id=3&refresh=true HTTP/1.1" 200 335183
INFO 2025-05-07 07:33:06,199 basehttp "GET /scanner/network-info/ HTTP/1.1" 200 32690
INFO 2025-05-07 07:33:09,551 basehttp "GET /scanner/os-info/ HTTP/1.1" 200 48377
INFO 2025-05-07 07:33:21,776 basehttp "GET /scanner/ HTTP/1.1" 200 28720
INFO 2025-05-07 07:33:28,982 basehttp "GET /scanner/processes/ HTTP/1.1" 200 29769
INFO 2025-05-07 07:40:50,087 basehttp "GET /scanner/processes/ HTTP/1.1" 200 29769
INFO 2025-05-07 07:41:01,800 basehttp "GET /scanner/processes/?target_id=3&refresh=true HTTP/1.1" 200 332350
INFO 2025-05-07 07:41:06,204 basehttp "GET /scanner/processes/?target_id=3&refresh=true HTTP/1.1" 200 30215
INFO 2025-05-07 07:41:22,699 basehttp "GET /scanner/processes/?target_id=3&refresh=true HTTP/1.1" 200 340218
INFO 2025-05-07 07:42:16,013 basehttp "GET /scanner/processes/?target_id=3&refresh=true HTTP/1.1" 200 340211
INFO 2025-05-07 07:42:21,587 basehttp "GET /scanner/processes/analyze/?target_id=3&pid=22520&start=true HTTP/1.1" 200 51
INFO 2025-05-07 07:42:21,599 basehttp "GET /scanner/processes/analyze/?task_id=eb522d38-4e6f-4054-9c0e-5a005eb0c1f5&target_id=3 HTTP/1.1" 200 69
INFO 2025-05-07 07:42:22,625 basehttp "GET /scanner/processes/analyze/?task_id=eb522d38-4e6f-4054-9c0e-5a005eb0c1f5&target_id=3 HTTP/1.1" 200 2423
INFO 2025-05-07 07:44:10,341 basehttp "GET /scanner/processes/?target_id=3&refresh=true HTTP/1.1" 200 224197
INFO 2025-05-07 07:44:28,863 basehttp "GET /scanner/processes/analyze/?target_id=3&pid=700&start=true HTTP/1.1" 200 51
INFO 2025-05-07 07:44:28,873 basehttp "GET /scanner/processes/analyze/?task_id=91c5cf5a-f760-4248-a042-3180629eb5be&target_id=3 HTTP/1.1" 200 69
INFO 2025-05-07 07:44:29,910 basehttp "GET /scanner/processes/analyze/?task_id=91c5cf5a-f760-4248-a042-3180629eb5be&target_id=3 HTTP/1.1" 200 2421
INFO 2025-05-07 07:44:41,217 basehttp "GET /scanner/processes/analyze/?target_id=3&pid=2808&start=true HTTP/1.1" 200 51
INFO 2025-05-07 07:44:41,228 basehttp "GET /scanner/processes/analyze/?task_id=7fb9809b-4930-424d-a09b-e9f3c9d0c2fb&target_id=3 HTTP/1.1" 200 69
INFO 2025-05-07 07:44:42,249 basehttp "GET /scanner/processes/analyze/?task_id=7fb9809b-4930-424d-a09b-e9f3c9d0c2fb&target_id=3 HTTP/1.1" 200 2422
INFO 2025-05-07 07:45:17,865 basehttp "GET /scanner/processes/?target_id=3&refresh=true HTTP/1.1" 200 223693
INFO 2025-05-07 07:47:03,312 basehttp "GET /scanner/processes/?target_id=3&refresh=true HTTP/1.1" 200 224689
INFO 2025-05-07 07:47:33,710 basehttp "GET /scanner/processes/?target_id=3&refresh=true HTTP/1.1" 200 30215
INFO 2025-05-07 07:48:09,331 basehttp - Broken pipe from ('127.0.0.1', 63471)
INFO 2025-05-07 07:48:17,637 basehttp "GET /scanner/os-info/ HTTP/1.1" 200 48377
INFO 2025-05-07 07:48:18,511 basehttp "GET /scanner/network-info/ HTTP/1.1" 200 32690
INFO 2025-05-07 07:48:19,137 basehttp "GET /scanner/processes/ HTTP/1.1" 200 29769
INFO 2025-05-07 07:48:35,469 basehttp - Broken pipe from ('127.0.0.1', 63619)
INFO 2025-05-07 07:48:39,661 basehttp - Broken pipe from ('127.0.0.1', 63621)
INFO 2025-05-07 07:48:50,679 basehttp "GET /scanner/processes/?target_id=3&refresh=true HTTP/1.1" 200 30146
INFO 2025-05-07 07:53:01,703 basehttp "GET /scanner/processes/?target_id=3&refresh=true HTTP/1.1" 200 30215
INFO 2025-05-07 07:53:07,779 basehttp "GET /scanner/ HTTP/1.1" 200 28720
INFO 2025-05-07 07:53:08,200 basehttp - Broken pipe from ('127.0.0.1', 63739)
INFO 2025-05-07 07:53:08,527 basehttp "GET /scanner/network-info/ HTTP/1.1" 200 32690
INFO 2025-05-07 07:53:11,127 basehttp "GET /scanner/processes/ HTTP/1.1" 200 29769
INFO 2025-05-07 07:53:14,397 basehttp "GET /scanner/processes/?target_id=3&refresh=true HTTP/1.1" 200 30228
INFO 2025-05-07 08:00:56,981 basehttp "GET /scanner/processes/?target_id=3&refresh=true HTTP/1.1" 200 29952
INFO 2025-05-07 08:01:06,960 basehttp "GET /scanner/processes/?target_id=3&refresh=true HTTP/1.1" 200 29952
INFO 2025-05-07 08:01:07,930 basehttp "GET /scanner/processes/?target_id=3&refresh=true HTTP/1.1" 200 29952
INFO 2025-05-07 08:01:08,858 basehttp "GET /scanner/processes/?target_id=3&refresh=true HTTP/1.1" 200 29952
INFO 2025-05-07 08:01:13,388 basehttp "GET /scanner/processes/?target_id=3&refresh=true HTTP/1.1" 200 29952
INFO 2025-05-07 08:01:26,139 basehttp "GET /scanner/processes/?target_id=3&refresh=true HTTP/1.1" 200 29952
INFO 2025-05-07 08:01:50,074 autoreload Watching for file changes with StatReloader
INFO 2025-05-07 08:01:53,736 basehttp "GET /scanner/processes/?target_id=3&refresh=true HTTP/1.1" 200 30215
INFO 2025-05-07 08:02:07,442 basehttp "GET /scanner/processes/?target_id=3&refresh=true HTTP/1.1" 200 29952
INFO 2025-05-07 08:02:18,963 basehttp "GET /scanner/processes/?target_id=3&refresh=true HTTP/1.1" 200 30215
INFO 2025-05-07 08:02:23,458 basehttp "GET /scanner/processes/?target_id=3&refresh=true HTTP/1.1" 200 92443
INFO 2025-05-07 08:02:26,364 basehttp "GET /scanner/processes/analyze/?target_id=3&pid=232&start=true HTTP/1.1" 200 51
INFO 2025-05-07 08:02:26,397 basehttp "GET /scanner/processes/analyze/?task_id=bc2ef304-ca9a-41cd-bc5e-aa71bdb1a43c&target_id=3 HTTP/1.1" 200 69
INFO 2025-05-07 08:02:27,423 basehttp "GET /scanner/processes/analyze/?task_id=bc2ef304-ca9a-41cd-bc5e-aa71bdb1a43c&target_id=3 HTTP/1.1" 200 2421
INFO 2025-05-07 08:02:34,723 basehttp "GET /scanner/processes/?target_id=3&refresh=true HTTP/1.1" 200 30215
INFO 2025-05-07 08:02:42,041 basehttp "GET /scanner/processes/?target_id=3&refresh=true HTTP/1.1" 200 92444
INFO 2025-05-07 08:02:45,748 basehttp "GET /scanner/processes/analyze/?target_id=3&pid=1444&start=true HTTP/1.1" 200 51
INFO 2025-05-07 08:02:45,784 basehttp "GET /scanner/processes/analyze/?task_id=642dd01a-1bd6-4b58-8ebc-7e2ec9e411e3&target_id=3 HTTP/1.1" 200 69
INFO 2025-05-07 08:02:46,812 basehttp "GET /scanner/processes/analyze/?task_id=642dd01a-1bd6-4b58-8ebc-7e2ec9e411e3&target_id=3 HTTP/1.1" 200 2422
INFO 2025-05-07 08:03:45,160 basehttp "GET /scanner/processes/?cmd=get_running_processes&page={total_pages} HTTP/1.1" 200 29769
INFO 2025-05-07 08:03:48,686 basehttp "GET /scanner/processes/?target_id=3&refresh=true HTTP/1.1" 200 92447
INFO 2025-05-07 08:05:27,532 basehttp "GET /scanner/processes/analyze/?target_id=3&pid=1444&start=true HTTP/1.1" 200 51
INFO 2025-05-07 08:05:27,544 basehttp "GET /scanner/processes/analyze/?task_id=cbfc7b0a-0e05-4905-bb25-6a065d0bb518&target_id=3 HTTP/1.1" 200 69
INFO 2025-05-07 08:05:28,565 basehttp "GET /scanner/processes/analyze/?task_id=cbfc7b0a-0e05-4905-bb25-6a065d0bb518&target_id=3 HTTP/1.1" 200 2422
INFO 2025-05-07 08:09:50,296 basehttp "GET /scanner/processes/?cmd=get_running_processes&page={next_page} HTTP/1.1" 200 29769
INFO 2025-05-07 08:10:57,681 basehttp "GET /scanner/processes/?target_id=3&refresh=true HTTP/1.1" 200 92443
INFO 2025-05-07 08:11:05,398 basehttp "GET /scanner/processes/?target_id=3&refresh=true HTTP/1.1" 200 30215
INFO 2025-05-07 08:11:10,202 basehttp "GET /scanner/processes/?target_id=3&refresh=true HTTP/1.1" 200 92440
INFO 2025-05-07 08:11:15,333 basehttp "GET /scanner/processes/analyze/?target_id=3&pid=364&start=true HTTP/1.1" 200 51
INFO 2025-05-07 08:11:15,369 basehttp "GET /scanner/processes/analyze/?task_id=890c4823-5217-41b4-8cf5-eb4dde130de6&target_id=3 HTTP/1.1" 200 2421
INFO 2025-05-07 08:11:34,187 basehttp "GET /scanner/processes/analyze/?target_id=3&pid=1884&start=true HTTP/1.1" 200 51
INFO 2025-05-07 08:11:35,299 basehttp "GET /scanner/processes/analyze/?task_id=6ced4c44-4929-4716-9e1b-29520eabd9c8&target_id=3 HTTP/1.1" 200 78
INFO 2025-05-07 08:11:36,863 basehttp "GET /scanner/processes/analyze/?task_id=6ced4c44-4929-4716-9e1b-29520eabd9c8&target_id=3 HTTP/1.1" 200 78
INFO 2025-05-07 08:11:38,561 basehttp "GET /scanner/processes/analyze/?task_id=6ced4c44-4929-4716-9e1b-29520eabd9c8&target_id=3 HTTP/1.1" 200 78
INFO 2025-05-07 08:11:40,360 basehttp "GET /scanner/processes/analyze/?task_id=6ced4c44-4929-4716-9e1b-29520eabd9c8&target_id=3 HTTP/1.1" 200 78
INFO 2025-05-07 08:11:41,675 basehttp "GET /scanner/processes/analyze/?task_id=6ced4c44-4929-4716-9e1b-29520eabd9c8&target_id=3 HTTP/1.1" 200 78
INFO 2025-05-07 08:11:43,358 basehttp "GET /scanner/processes/analyze/?task_id=6ced4c44-4929-4716-9e1b-29520eabd9c8&target_id=3 HTTP/1.1" 200 78
INFO 2025-05-07 08:11:45,089 basehttp "GET /scanner/processes/analyze/?task_id=6ced4c44-4929-4716-9e1b-29520eabd9c8&target_id=3 HTTP/1.1" 200 78
INFO 2025-05-07 08:11:46,440 basehttp "GET /scanner/processes/analyze/?task_id=6ced4c44-4929-4716-9e1b-29520eabd9c8&target_id=3 HTTP/1.1" 200 78
INFO 2025-05-07 08:11:47,572 basehttp "GET /scanner/processes/analyze/?task_id=6ced4c44-4929-4716-9e1b-29520eabd9c8&target_id=3 HTTP/1.1" 200 78
INFO 2025-05-07 08:11:49,221 basehttp "GET /scanner/processes/analyze/?task_id=6ced4c44-4929-4716-9e1b-29520eabd9c8&target_id=3 HTTP/1.1" 200 78
INFO 2025-05-07 08:11:50,620 basehttp "GET /scanner/processes/analyze/?task_id=6ced4c44-4929-4716-9e1b-29520eabd9c8&target_id=3 HTTP/1.1" 200 78
INFO 2025-05-07 08:11:51,623 basehttp "GET /scanner/processes/analyze/?task_id=6ced4c44-4929-4716-9e1b-29520eabd9c8&target_id=3 HTTP/1.1" 200 36498
INFO 2025-05-07 08:12:45,224 basehttp "GET /scanner/processes/analyze/?target_id=3&pid=2732&start=true HTTP/1.1" 200 51
INFO 2025-05-07 08:12:45,256 basehttp "GET /scanner/processes/analyze/?task_id=4a6d9e49-bfbe-4d6d-aaa7-06b251f46d30&target_id=3 HTTP/1.1" 200 2422
INFO 2025-05-07 08:12:52,396 basehttp "GET /scanner/processes/analyze/?target_id=3&pid=1316&start=true HTTP/1.1" 200 51
INFO 2025-05-07 08:12:52,410 basehttp "GET /scanner/processes/analyze/?task_id=98134186-c885-4571-8ea0-34264eecf4a2&target_id=3 HTTP/1.1" 200 69
INFO 2025-05-07 08:12:53,444 basehttp "GET /scanner/processes/analyze/?task_id=98134186-c885-4571-8ea0-34264eecf4a2&target_id=3 HTTP/1.1" 200 2422
INFO 2025-05-07 08:12:58,556 basehttp "GET /scanner/processes/analyze/?target_id=3&pid=3152&start=true HTTP/1.1" 200 51
INFO 2025-05-07 08:12:58,565 basehttp "GET /scanner/processes/analyze/?task_id=6ff1ea2d-c30c-412e-b13a-63c13160035b&target_id=3 HTTP/1.1" 200 69
INFO 2025-05-07 08:12:59,588 basehttp "GET /scanner/processes/analyze/?task_id=6ff1ea2d-c30c-412e-b13a-63c13160035b&target_id=3 HTTP/1.1" 200 2422
INFO 2025-05-07 08:13:08,548 basehttp "GET /scanner/processes/analyze/?target_id=3&pid=2732&start=true HTTP/1.1" 200 51
INFO 2025-05-07 08:13:08,558 basehttp "GET /scanner/processes/analyze/?task_id=3c1eb4f3-24e4-4ee2-b069-a368a8b86088&target_id=3 HTTP/1.1" 200 69
INFO 2025-05-07 08:13:09,580 basehttp "GET /scanner/processes/analyze/?task_id=3c1eb4f3-24e4-4ee2-b069-a368a8b86088&target_id=3 HTTP/1.1" 200 2422
INFO 2025-05-07 08:13:18,971 basehttp "GET /scanner/processes/analyze/?target_id=3&pid=4504&start=true HTTP/1.1" 200 51
INFO 2025-05-07 08:13:18,992 basehttp "GET /scanner/processes/analyze/?task_id=d5fadfec-57ec-42c1-b686-2df52d8f55c5&target_id=3 HTTP/1.1" 200 78
INFO 2025-05-07 08:13:20,552 basehttp "GET /scanner/processes/analyze/?task_id=d5fadfec-57ec-42c1-b686-2df52d8f55c5&target_id=3 HTTP/1.1" 200 78
INFO 2025-05-07 08:13:22,070 basehttp "GET /scanner/processes/analyze/?task_id=d5fadfec-57ec-42c1-b686-2df52d8f55c5&target_id=3 HTTP/1.1" 200 78
INFO 2025-05-07 08:13:23,732 basehttp "GET /scanner/processes/analyze/?task_id=d5fadfec-57ec-42c1-b686-2df52d8f55c5&target_id=3 HTTP/1.1" 200 78
INFO 2025-05-07 08:13:25,163 basehttp "GET /scanner/processes/analyze/?task_id=d5fadfec-57ec-42c1-b686-2df52d8f55c5&target_id=3 HTTP/1.1" 200 78
INFO 2025-05-07 08:13:26,630 basehttp "GET /scanner/processes/analyze/?task_id=d5fadfec-57ec-42c1-b686-2df52d8f55c5&target_id=3 HTTP/1.1" 200 78
INFO 2025-05-07 08:13:27,763 basehttp "GET /scanner/processes/analyze/?task_id=d5fadfec-57ec-42c1-b686-2df52d8f55c5&target_id=3 HTTP/1.1" 200 69
INFO 2025-05-07 08:13:28,796 basehttp "GET /scanner/processes/analyze/?task_id=d5fadfec-57ec-42c1-b686-2df52d8f55c5&target_id=3 HTTP/1.1" 200 26351
INFO 2025-05-07 08:14:15,281 basehttp "GET /scanner/processes/?target_id=3&refresh=true HTTP/1.1" 200 92446
INFO 2025-05-07 08:14:30,191 basehttp "GET /scanner/processes/?target_id=3&refresh=true HTTP/1.1" 200 30215
INFO 2025-05-07 08:14:34,623 basehttp "GET /scanner/processes/?target_id=3&refresh=true HTTP/1.1" 200 92439
INFO 2025-05-07 08:14:51,999 basehttp "GET /scanner/processes/analyze/?target_id=3&pid=2680&start=true HTTP/1.1" 200 51
INFO 2025-05-07 08:14:53,051 basehttp "GET /scanner/processes/analyze/?task_id=84d8b1d7-d1aa-4140-a692-b8f33394c62c&target_id=3 HTTP/1.1" 200 78
INFO 2025-05-07 08:14:54,551 basehttp "GET /scanner/processes/analyze/?task_id=84d8b1d7-d1aa-4140-a692-b8f33394c62c&target_id=3 HTTP/1.1" 200 78
INFO 2025-05-07 08:14:56,149 basehttp "GET /scanner/processes/analyze/?task_id=84d8b1d7-d1aa-4140-a692-b8f33394c62c&target_id=3 HTTP/1.1" 200 78
INFO 2025-05-07 08:14:57,681 basehttp "GET /scanner/processes/analyze/?task_id=84d8b1d7-d1aa-4140-a692-b8f33394c62c&target_id=3 HTTP/1.1" 200 78
INFO 2025-05-07 08:14:59,197 basehttp "GET /scanner/processes/analyze/?task_id=84d8b1d7-d1aa-4140-a692-b8f33394c62c&target_id=3 HTTP/1.1" 200 78
INFO 2025-05-07 08:15:01,145 basehttp "GET /scanner/processes/analyze/?task_id=84d8b1d7-d1aa-4140-a692-b8f33394c62c&target_id=3 HTTP/1.1" 200 78
INFO 2025-05-07 08:15:02,679 basehttp "GET /scanner/processes/analyze/?task_id=84d8b1d7-d1aa-4140-a692-b8f33394c62c&target_id=3 HTTP/1.1" 200 78
INFO 2025-05-07 08:15:04,142 basehttp "GET /scanner/processes/analyze/?task_id=84d8b1d7-d1aa-4140-a692-b8f33394c62c&target_id=3 HTTP/1.1" 200 78
INFO 2025-05-07 08:15:05,322 basehttp "GET /scanner/processes/analyze/?task_id=84d8b1d7-d1aa-4140-a692-b8f33394c62c&target_id=3 HTTP/1.1" 200 78
INFO 2025-05-07 08:15:07,056 basehttp "GET /scanner/processes/analyze/?task_id=84d8b1d7-d1aa-4140-a692-b8f33394c62c&target_id=3 HTTP/1.1" 200 78
INFO 2025-05-07 08:15:08,820 basehttp "GET /scanner/processes/analyze/?task_id=84d8b1d7-d1aa-4140-a692-b8f33394c62c&target_id=3 HTTP/1.1" 200 78
INFO 2025-05-07 08:15:09,854 basehttp "GET /scanner/processes/analyze/?task_id=84d8b1d7-d1aa-4140-a692-b8f33394c62c&target_id=3 HTTP/1.1" 200 30150
INFO 2025-05-07 08:17:57,145 basehttp "GET /scanner/processes/?target_id=3&refresh=true HTTP/1.1" 200 30215
INFO 2025-05-07 08:18:46,695 basehttp "GET /scanner/processes/?target_id=3&refresh=true HTTP/1.1" 200 92439
INFO 2025-05-07 08:18:58,407 basehttp "GET /scanner/processes/analyze/?target_id=3&pid=1884&start=true HTTP/1.1" 200 51
INFO 2025-05-07 08:18:59,577 basehttp "GET /scanner/processes/analyze/?task_id=29711c5f-8ee3-4776-a005-9c01062f8008&target_id=3 HTTP/1.1" 200 78
INFO 2025-05-07 08:19:01,558 basehttp "GET /scanner/processes/analyze/?task_id=29711c5f-8ee3-4776-a005-9c01062f8008&target_id=3 HTTP/1.1" 200 78
INFO 2025-05-07 08:19:03,044 basehttp "GET /scanner/processes/analyze/?task_id=29711c5f-8ee3-4776-a005-9c01062f8008&target_id=3 HTTP/1.1" 200 78
INFO 2025-05-07 08:19:04,772 basehttp "GET /scanner/processes/analyze/?task_id=29711c5f-8ee3-4776-a005-9c01062f8008&target_id=3 HTTP/1.1" 200 78
INFO 2025-05-07 08:19:06,618 basehttp "GET /scanner/processes/analyze/?task_id=29711c5f-8ee3-4776-a005-9c01062f8008&target_id=3 HTTP/1.1" 200 78
INFO 2025-05-07 08:19:08,293 basehttp "GET /scanner/processes/analyze/?task_id=29711c5f-8ee3-4776-a005-9c01062f8008&target_id=3 HTTP/1.1" 200 78
INFO 2025-05-07 08:19:09,773 basehttp "GET /scanner/processes/analyze/?task_id=29711c5f-8ee3-4776-a005-9c01062f8008&target_id=3 HTTP/1.1" 200 78
INFO 2025-05-07 08:19:11,335 basehttp "GET /scanner/processes/analyze/?task_id=29711c5f-8ee3-4776-a005-9c01062f8008&target_id=3 HTTP/1.1" 200 78
INFO 2025-05-07 08:19:12,633 basehttp "GET /scanner/processes/analyze/?task_id=29711c5f-8ee3-4776-a005-9c01062f8008&target_id=3 HTTP/1.1" 200 78
INFO 2025-05-07 08:19:14,033 basehttp "GET /scanner/processes/analyze/?task_id=29711c5f-8ee3-4776-a005-9c01062f8008&target_id=3 HTTP/1.1" 200 78
INFO 2025-05-07 08:19:15,596 basehttp "GET /scanner/processes/analyze/?task_id=29711c5f-8ee3-4776-a005-9c01062f8008&target_id=3 HTTP/1.1" 200 78
INFO 2025-05-07 08:19:16,812 basehttp "GET /scanner/processes/analyze/?task_id=29711c5f-8ee3-4776-a005-9c01062f8008&target_id=3 HTTP/1.1" 200 78
INFO 2025-05-07 08:19:17,845 basehttp "GET /scanner/processes/analyze/?task_id=29711c5f-8ee3-4776-a005-9c01062f8008&target_id=3 HTTP/1.1" 200 36498
INFO 2025-05-07 08:21:40,608 basehttp "GET /scanner/processes/?target_id=3&refresh=true HTTP/1.1" 200 92439
INFO 2025-05-07 08:22:02,325 basehttp "GET /scanner/processes/analyze/?target_id=3&pid=1240&start=true HTTP/1.1" 200 51
INFO 2025-05-07 08:22:03,376 basehttp "GET /scanner/processes/analyze/?task_id=cdf20691-db45-40fc-8bca-e42159952d54&target_id=3 HTTP/1.1" 200 78
INFO 2025-05-07 08:22:05,042 basehttp "GET /scanner/processes/analyze/?task_id=cdf20691-db45-40fc-8bca-e42159952d54&target_id=3 HTTP/1.1" 200 78
INFO 2025-05-07 08:22:06,507 basehttp "GET /scanner/processes/analyze/?task_id=cdf20691-db45-40fc-8bca-e42159952d54&target_id=3 HTTP/1.1" 200 78
INFO 2025-05-07 08:22:08,009 basehttp "GET /scanner/processes/analyze/?task_id=cdf20691-db45-40fc-8bca-e42159952d54&target_id=3 HTTP/1.1" 200 78
INFO 2025-05-07 08:22:09,457 basehttp "GET /scanner/processes/analyze/?task_id=cdf20691-db45-40fc-8bca-e42159952d54&target_id=3 HTTP/1.1" 200 78
INFO 2025-05-07 08:22:10,851 basehttp "GET /scanner/processes/analyze/?task_id=cdf20691-db45-40fc-8bca-e42159952d54&target_id=3 HTTP/1.1" 200 78
INFO 2025-05-07 08:22:11,878 basehttp "GET /scanner/processes/analyze/?task_id=cdf20691-db45-40fc-8bca-e42159952d54&target_id=3 HTTP/1.1" 200 78
INFO 2025-05-07 08:22:13,158 basehttp "GET /scanner/processes/analyze/?task_id=cdf20691-db45-40fc-8bca-e42159952d54&target_id=3 HTTP/1.1" 200 78
INFO 2025-05-07 08:22:15,051 basehttp "GET /scanner/processes/analyze/?task_id=cdf20691-db45-40fc-8bca-e42159952d54&target_id=3 HTTP/1.1" 200 78
INFO 2025-05-07 08:22:16,448 basehttp "GET /scanner/processes/analyze/?task_id=cdf20691-db45-40fc-8bca-e42159952d54&target_id=3 HTTP/1.1" 200 78
INFO 2025-05-07 08:22:17,815 basehttp "GET /scanner/processes/analyze/?task_id=cdf20691-db45-40fc-8bca-e42159952d54&target_id=3 HTTP/1.1" 200 78
INFO 2025-05-07 08:22:19,414 basehttp "GET /scanner/processes/analyze/?task_id=cdf20691-db45-40fc-8bca-e42159952d54&target_id=3 HTTP/1.1" 200 78
INFO 2025-05-07 08:22:20,939 basehttp "GET /scanner/processes/analyze/?task_id=cdf20691-db45-40fc-8bca-e42159952d54&target_id=3 HTTP/1.1" 200 78
INFO 2025-05-07 08:22:21,962 basehttp "GET /scanner/processes/analyze/?task_id=cdf20691-db45-40fc-8bca-e42159952d54&target_id=3 HTTP/1.1" 200 31430
INFO 2025-05-07 08:22:57,512 basehttp "GET /scanner/processes/?target_id=3&refresh=true HTTP/1.1" 200 30215
INFO 2025-05-07 08:23:02,637 basehttp "GET /scanner/processes/?target_id=3&refresh=true HTTP/1.1" 200 92440
INFO 2025-05-07 08:23:13,746 basehttp "GET /scanner/processes/analyze/?target_id=3&pid=1884&start=true HTTP/1.1" 200 51
INFO 2025-05-07 08:23:14,596 basehttp "GET /scanner/processes/analyze/?task_id=5be94606-80e1-45f1-8453-82156dd7de21&target_id=3 HTTP/1.1" 200 78
INFO 2025-05-07 08:23:16,429 basehttp "GET /scanner/processes/analyze/?task_id=5be94606-80e1-45f1-8453-82156dd7de21&target_id=3 HTTP/1.1" 200 78
INFO 2025-05-07 08:23:17,926 basehttp "GET /scanner/processes/analyze/?task_id=5be94606-80e1-45f1-8453-82156dd7de21&target_id=3 HTTP/1.1" 200 78
INFO 2025-05-07 08:23:19,542 basehttp "GET /scanner/processes/analyze/?task_id=5be94606-80e1-45f1-8453-82156dd7de21&target_id=3 HTTP/1.1" 200 78
INFO 2025-05-07 08:23:21,305 basehttp "GET /scanner/processes/analyze/?task_id=5be94606-80e1-45f1-8453-82156dd7de21&target_id=3 HTTP/1.1" 200 78
INFO 2025-05-07 08:23:23,183 basehttp "GET /scanner/processes/analyze/?task_id=5be94606-80e1-45f1-8453-82156dd7de21&target_id=3 HTTP/1.1" 200 78
INFO 2025-05-07 08:23:24,671 basehttp "GET /scanner/processes/analyze/?task_id=5be94606-80e1-45f1-8453-82156dd7de21&target_id=3 HTTP/1.1" 200 78
INFO 2025-05-07 08:23:26,003 basehttp "GET /scanner/processes/analyze/?task_id=5be94606-80e1-45f1-8453-82156dd7de21&target_id=3 HTTP/1.1" 200 78
INFO 2025-05-07 08:23:27,338 basehttp "GET /scanner/processes/analyze/?task_id=5be94606-80e1-45f1-8453-82156dd7de21&target_id=3 HTTP/1.1" 200 78
INFO 2025-05-07 08:23:28,633 basehttp "GET /scanner/processes/analyze/?task_id=5be94606-80e1-45f1-8453-82156dd7de21&target_id=3 HTTP/1.1" 200 78
INFO 2025-05-07 08:23:30,243 basehttp "GET /scanner/processes/analyze/?task_id=5be94606-80e1-45f1-8453-82156dd7de21&target_id=3 HTTP/1.1" 200 78
INFO 2025-05-07 08:23:31,411 basehttp "GET /scanner/processes/analyze/?task_id=5be94606-80e1-45f1-8453-82156dd7de21&target_id=3 HTTP/1.1" 200 78
INFO 2025-05-07 08:23:32,433 basehttp "GET /scanner/processes/analyze/?task_id=5be94606-80e1-45f1-8453-82156dd7de21&target_id=3 HTTP/1.1" 200 36498
INFO 2025-05-07 08:27:24,645 basehttp "GET /scanner/processes/?target_id=3&refresh=true HTTP/1.1" 200 30215
INFO 2025-05-07 08:27:29,796 basehttp "GET /scanner/processes/?target_id=3&refresh=true HTTP/1.1" 200 92439
INFO 2025-05-07 08:27:33,110 basehttp "GET /scanner/processes/?target_id=3&refresh=true HTTP/1.1" 200 92442
INFO 2025-05-07 08:27:40,951 basehttp "GET /scanner/processes/analyze/?target_id=3&pid=2556&start=true HTTP/1.1" 200 51
INFO 2025-05-07 08:27:41,236 basehttp "GET /scanner/processes/analyze/?task_id=d603ece8-5193-46c9-82d8-2d87270797c1&target_id=3 HTTP/1.1" 200 78
INFO 2025-05-07 08:27:42,987 basehttp "GET /scanner/processes/analyze/?task_id=d603ece8-5193-46c9-82d8-2d87270797c1&target_id=3 HTTP/1.1" 200 78
INFO 2025-05-07 08:27:44,450 basehttp "GET /scanner/processes/analyze/?task_id=d603ece8-5193-46c9-82d8-2d87270797c1&target_id=3 HTTP/1.1" 200 78
INFO 2025-05-07 08:27:45,599 basehttp "GET /scanner/processes/analyze/?task_id=d603ece8-5193-46c9-82d8-2d87270797c1&target_id=3 HTTP/1.1" 200 78
INFO 2025-05-07 08:27:47,163 basehttp "GET /scanner/processes/analyze/?task_id=d603ece8-5193-46c9-82d8-2d87270797c1&target_id=3 HTTP/1.1" 200 78
INFO 2025-05-07 08:27:48,297 basehttp "GET /scanner/processes/analyze/?task_id=d603ece8-5193-46c9-82d8-2d87270797c1&target_id=3 HTTP/1.1" 200 78
INFO 2025-05-07 08:27:49,727 basehttp "GET /scanner/processes/analyze/?task_id=d603ece8-5193-46c9-82d8-2d87270797c1&target_id=3 HTTP/1.1" 200 78
INFO 2025-05-07 08:27:50,979 basehttp "GET /scanner/processes/analyze/?task_id=d603ece8-5193-46c9-82d8-2d87270797c1&target_id=3 HTTP/1.1" 200 78
INFO 2025-05-07 08:27:52,626 basehttp "GET /scanner/processes/analyze/?task_id=d603ece8-5193-46c9-82d8-2d87270797c1&target_id=3 HTTP/1.1" 200 78
INFO 2025-05-07 08:27:54,457 basehttp "GET /scanner/processes/analyze/?task_id=d603ece8-5193-46c9-82d8-2d87270797c1&target_id=3 HTTP/1.1" 200 78
INFO 2025-05-07 08:27:55,558 basehttp "GET /scanner/processes/analyze/?task_id=d603ece8-5193-46c9-82d8-2d87270797c1&target_id=3 HTTP/1.1" 200 78
INFO 2025-05-07 08:27:56,607 basehttp "GET /scanner/processes/analyze/?task_id=d603ece8-5193-46c9-82d8-2d87270797c1&target_id=3 HTTP/1.1" 200 56970
INFO 2025-05-07 08:29:01,718 basehttp "GET /scanner/processes/?target_id=3&refresh=true HTTP/1.1" 200 30215
INFO 2025-05-07 08:29:05,921 basehttp "GET /scanner/processes/?target_id=3&refresh=true HTTP/1.1" 200 92439
INFO 2025-05-07 08:29:17,594 basehttp "GET /scanner/processes/analyze/?target_id=3&pid=1884&start=true HTTP/1.1" 200 51
INFO 2025-05-07 08:29:18,810 basehttp "GET /scanner/processes/analyze/?task_id=92ecf6cf-ec14-43f3-bd1f-ab3249ba4df5&target_id=3 HTTP/1.1" 200 78
INFO 2025-05-07 08:29:20,446 basehttp "GET /scanner/processes/analyze/?task_id=92ecf6cf-ec14-43f3-bd1f-ab3249ba4df5&target_id=3 HTTP/1.1" 200 78
INFO 2025-05-07 08:29:22,130 basehttp "GET /scanner/processes/analyze/?task_id=92ecf6cf-ec14-43f3-bd1f-ab3249ba4df5&target_id=3 HTTP/1.1" 200 78
INFO 2025-05-07 08:29:23,443 basehttp "GET /scanner/processes/analyze/?task_id=92ecf6cf-ec14-43f3-bd1f-ab3249ba4df5&target_id=3 HTTP/1.1" 200 78
INFO 2025-05-07 08:29:24,896 basehttp "GET /scanner/processes/analyze/?task_id=92ecf6cf-ec14-43f3-bd1f-ab3249ba4df5&target_id=3 HTTP/1.1" 200 78
INFO 2025-05-07 08:29:26,350 basehttp "GET /scanner/processes/analyze/?task_id=92ecf6cf-ec14-43f3-bd1f-ab3249ba4df5&target_id=3 HTTP/1.1" 200 78
INFO 2025-05-07 08:29:27,869 basehttp "GET /scanner/processes/analyze/?task_id=92ecf6cf-ec14-43f3-bd1f-ab3249ba4df5&target_id=3 HTTP/1.1" 200 78
INFO 2025-05-07 08:29:29,333 basehttp "GET /scanner/processes/analyze/?task_id=92ecf6cf-ec14-43f3-bd1f-ab3249ba4df5&target_id=3 HTTP/1.1" 200 78
INFO 2025-05-07 08:29:30,643 basehttp "GET /scanner/processes/analyze/?task_id=92ecf6cf-ec14-43f3-bd1f-ab3249ba4df5&target_id=3 HTTP/1.1" 200 78
INFO 2025-05-07 08:29:31,822 basehttp "GET /scanner/processes/analyze/?task_id=92ecf6cf-ec14-43f3-bd1f-ab3249ba4df5&target_id=3 HTTP/1.1" 200 78
INFO 2025-05-07 08:29:33,502 basehttp "GET /scanner/processes/analyze/?task_id=92ecf6cf-ec14-43f3-bd1f-ab3249ba4df5&target_id=3 HTTP/1.1" 200 78
INFO 2025-05-07 08:29:35,052 basehttp "GET /scanner/processes/analyze/?task_id=92ecf6cf-ec14-43f3-bd1f-ab3249ba4df5&target_id=3 HTTP/1.1" 200 78
INFO 2025-05-07 08:29:35,985 basehttp "GET /scanner/processes/analyze/?task_id=92ecf6cf-ec14-43f3-bd1f-ab3249ba4df5&target_id=3 HTTP/1.1" 200 36498
INFO 2025-05-07 08:31:12,029 basehttp "GET /scanner/processes/?target_id=3&refresh=true HTTP/1.1" 200 30215
INFO 2025-05-07 08:31:16,462 basehttp "GET /scanner/processes/?target_id=3&refresh=true HTTP/1.1" 200 92439
INFO 2025-05-07 08:31:30,467 basehttp "GET /scanner/processes/analyze/?target_id=3&pid=1884&start=true HTTP/1.1" 200 51
INFO 2025-05-07 08:31:31,508 basehttp "GET /scanner/processes/analyze/?task_id=1b99bda7-34f5-4f44-8341-e3e1f0521d52&target_id=3 HTTP/1.1" 200 78
INFO 2025-05-07 08:31:33,275 basehttp "GET /scanner/processes/analyze/?task_id=1b99bda7-34f5-4f44-8341-e3e1f0521d52&target_id=3 HTTP/1.1" 200 78
INFO 2025-05-07 08:31:34,789 basehttp "GET /scanner/processes/analyze/?task_id=1b99bda7-34f5-4f44-8341-e3e1f0521d52&target_id=3 HTTP/1.1" 200 78
INFO 2025-05-07 08:31:36,455 basehttp "GET /scanner/processes/analyze/?task_id=1b99bda7-34f5-4f44-8341-e3e1f0521d52&target_id=3 HTTP/1.1" 200 78
INFO 2025-05-07 08:31:38,171 basehttp "GET /scanner/processes/analyze/?task_id=1b99bda7-34f5-4f44-8341-e3e1f0521d52&target_id=3 HTTP/1.1" 200 78
INFO 2025-05-07 08:31:39,353 basehttp "GET /scanner/processes/analyze/?task_id=1b99bda7-34f5-4f44-8341-e3e1f0521d52&target_id=3 HTTP/1.1" 200 78
INFO 2025-05-07 08:31:40,753 basehttp "GET /scanner/processes/analyze/?task_id=1b99bda7-34f5-4f44-8341-e3e1f0521d52&target_id=3 HTTP/1.1" 200 78
INFO 2025-05-07 08:31:42,500 basehttp "GET /scanner/processes/analyze/?task_id=1b99bda7-34f5-4f44-8341-e3e1f0521d52&target_id=3 HTTP/1.1" 200 78
INFO 2025-05-07 08:31:43,949 basehttp "GET /scanner/processes/analyze/?task_id=1b99bda7-34f5-4f44-8341-e3e1f0521d52&target_id=3 HTTP/1.1" 200 78
INFO 2025-05-07 08:31:45,099 basehttp "GET /scanner/processes/analyze/?task_id=1b99bda7-34f5-4f44-8341-e3e1f0521d52&target_id=3 HTTP/1.1" 200 78
INFO 2025-05-07 08:31:46,830 basehttp "GET /scanner/processes/analyze/?task_id=1b99bda7-34f5-4f44-8341-e3e1f0521d52&target_id=3 HTTP/1.1" 200 78
INFO 2025-05-07 08:31:48,045 basehttp "GET /scanner/processes/analyze/?task_id=1b99bda7-34f5-4f44-8341-e3e1f0521d52&target_id=3 HTTP/1.1" 200 78
INFO 2025-05-07 08:31:49,078 basehttp "GET /scanner/processes/analyze/?task_id=1b99bda7-34f5-4f44-8341-e3e1f0521d52&target_id=3 HTTP/1.1" 200 36498
INFO 2025-05-07 08:37:33,800 basehttp "GET /scanner/ HTTP/1.1" 200 28720
INFO 2025-05-07 08:37:34,870 basehttp "GET /scanner/ HTTP/1.1" 200 28720
INFO 2025-05-07 08:38:11,162 basehttp "GET /scanner/network-info/ HTTP/1.1" 200 32690
INFO 2025-05-07 08:38:11,856 basehttp "GET /scanner/processes/ HTTP/1.1" 200 29769
INFO 2025-05-07 08:42:43,387 autoreload D:\coding_stuff\py\vuln_scanner\dashboard\scanner\views.py changed, reloading.
INFO 2025-05-07 08:42:44,135 autoreload Watching for file changes with StatReloader
INFO 2025-05-07 08:42:53,416 autoreload D:\coding_stuff\py\vuln_scanner\dashboard\scanner\views.py changed, reloading.
INFO 2025-05-07 08:42:54,130 autoreload Watching for file changes with StatReloader
INFO 2025-05-07 08:43:02,404 autoreload D:\coding_stuff\py\vuln_scanner\dashboard\scanner\views.py changed, reloading.
INFO 2025-05-07 08:43:03,114 autoreload Watching for file changes with StatReloader
INFO 2025-05-07 08:43:26,589 basehttp "GET /scanner/processes/ HTTP/1.1" 200 32158
INFO 2025-05-07 08:43:26,647 basehttp "GET /static/js/data-persistence.js HTTP/1.1" 200 7957
INFO 2025-05-07 08:43:28,659 basehttp "GET /scanner/network-info/ HTTP/1.1" 200 35343
INFO 2025-05-07 08:43:29,195 basehttp "GET /scanner/os-info/ HTTP/1.1" 200 48467
INFO 2025-05-07 08:43:31,760 basehttp "GET /scanner/target/3/section/system_overview/ HTTP/1.1" 200 868
INFO 2025-05-07 08:43:33,116 basehttp "GET /scanner/processes/ HTTP/1.1" 200 32555
INFO 2025-05-07 08:43:33,743 basehttp "GET /scanner/os-info/ HTTP/1.1" 200 48467
INFO 2025-05-07 08:43:36,418 basehttp "GET /scanner/processes/ HTTP/1.1" 200 32158
INFO 2025-05-07 08:43:39,018 basehttp "GET /scanner/processes/?target_id=3&refresh=true HTTP/1.1" 200 94831
INFO 2025-05-07 08:43:48,091 basehttp "GET /scanner/processes/?cmd=get_running_processes&page={next_page} HTTP/1.1" 200 32158
INFO 2025-05-07 08:45:16,914 autoreload D:\coding_stuff\py\vuln_scanner\dashboard\scanner\views.py changed, reloading.
INFO 2025-05-07 08:45:17,664 autoreload Watching for file changes with StatReloader
INFO 2025-05-07 08:45:26,123 autoreload D:\coding_stuff\py\vuln_scanner\dashboard\scanner\views.py changed, reloading.
INFO 2025-05-07 08:45:26,927 autoreload Watching for file changes with StatReloader
INFO 2025-05-07 08:45:35,262 autoreload D:\coding_stuff\py\vuln_scanner\dashboard\scanner\views.py changed, reloading.
INFO 2025-05-07 08:45:35,964 autoreload Watching for file changes with StatReloader
INFO 2025-05-07 08:45:45,256 autoreload D:\coding_stuff\py\vuln_scanner\dashboard\scanner\views.py changed, reloading.
INFO 2025-05-07 08:45:45,927 autoreload Watching for file changes with StatReloader
INFO 2025-05-07 08:46:01,473 autoreload Watching for file changes with StatReloader
INFO 2025-05-07 08:50:00,104 basehttp "GET /scanner/processes/?cmd=get_running_processes&page={next_page} HTTP/1.1" 200 34844
INFO 2025-05-07 08:50:00,126 basehttp "GET /static/js/data-persistence.js HTTP/1.1" 304 0
INFO 2025-05-07 08:50:03,307 basehttp "GET /scanner/processes/?target_id=3&refresh=true HTTP/1.1" 200 97517
INFO 2025-05-07 08:54:22,885 autoreload D:\coding_stuff\py\vuln_scanner\dashboard\scanner\views.py changed, reloading.
INFO 2025-05-07 08:54:23,565 autoreload D:\coding_stuff\py\vuln_scanner\dashboard\scanner\views.py changed, reloading.
INFO 2025-05-07 08:54:23,643 autoreload Watching for file changes with StatReloader
INFO 2025-05-07 08:54:24,258 autoreload Watching for file changes with StatReloader
INFO 2025-05-07 08:58:59,944 autoreload Watching for file changes with StatReloader
INFO 2025-05-07 08:59:13,267 basehttp "GET /scanner/ HTTP/1.1" 200 44458
INFO 2025-05-07 08:59:13,309 basehttp "GET /static/js/data-persistence.js HTTP/1.1" 304 0
INFO 2025-05-07 08:59:28,503 basehttp "GET /scanner/network-info/ HTTP/1.1" 200 35455
INFO 2025-05-07 08:59:32,871 basehttp "GET /scanner/processes/ HTTP/1.1" 200 34956
INFO 2025-05-07 08:59:34,142 basehttp "GET /scanner/ HTTP/1.1" 200 44458
INFO 2025-05-07 09:00:20,784 basehttp "GET /scanner/os-info/ HTTP/1.1" 200 48579
INFO 2025-05-07 09:00:25,506 basehttp "GET /scanner/ HTTP/1.1" 200 44458
INFO 2025-05-07 09:12:38,536 autoreload Watching for file changes with StatReloader
INFO 2025-05-07 09:12:50,805 basehttp "GET /scanner/ HTTP/1.1" 200 49214
INFO 2025-05-07 09:12:50,839 basehttp "GET /static/js/data-persistence.js HTTP/1.1" 304 0
INFO 2025-05-07 09:13:02,694 basehttp "GET /scanner/os-info/ HTTP/1.1" 200 52725
INFO 2025-05-07 09:13:03,595 basehttp "GET /scanner/network-info/ HTTP/1.1" 200 39739
INFO 2025-05-07 09:13:04,165 basehttp "GET /scanner/processes/ HTTP/1.1" 200 39060
INFO 2025-05-07 09:13:08,194 basehttp "GET /scanner/ HTTP/1.1" 200 49214
INFO 2025-05-07 09:14:24,765 basehttp "GET /scanner/network-info/ HTTP/1.1" 200 39739
INFO 2025-05-07 09:14:32,967 basehttp "GET /scanner/processes/ HTTP/1.1" 200 39060
INFO 2025-05-07 09:14:36,430 basehttp "GET /scanner/processes/?target_id=3&refresh=true HTTP/1.1" 200 101723
INFO 2025-05-07 09:20:13,879 basehttp "GET /scanner/processes/?target_id=3&refresh=true HTTP/1.1" 200 111318
INFO 2025-05-07 09:20:13,901 basehttp "GET /static/js/data-persistence.js HTTP/1.1" 304 0
INFO 2025-05-07 09:20:21,612 basehttp "GET /scanner/ HTTP/1.1" 200 69052
INFO 2025-05-07 09:21:24,025 basehttp "GET /scanner/target/3/ HTTP/1.1" 200 41776
INFO 2025-05-07 09:21:33,084 basehttp "GET /scanner/network-info/ HTTP/1.1" 200 49510
INFO 2025-05-07 09:21:33,781 basehttp "GET /scanner/processes/ HTTP/1.1" 200 48831
INFO 2025-05-07 09:21:34,695 basehttp "GET /scanner/network-info/ HTTP/1.1" 200 49510
INFO 2025-05-07 09:21:38,549 basehttp "GET /scanner/os-info/ HTTP/1.1" 200 62496
INFO 2025-05-07 09:21:39,359 autoreload Watching for file changes with StatReloader
INFO 2025-05-07 09:21:53,965 basehttp "GET /scanner/ HTTP/1.1" 200 74913
INFO 2025-05-07 09:21:58,046 basehttp "GET /scanner/os-info/ HTTP/1.1" 200 62496
INFO 2025-05-07 09:22:35,715 basehttp "GET /scanner/os-info/ HTTP/1.1" 200 62496
INFO 2025-05-07 09:22:36,872 basehttp "GET /scanner/os-info/ HTTP/1.1" 200 62496
INFO 2025-05-07 09:22:37,923 basehttp "GET /scanner/ HTTP/1.1" 200 74913
INFO 2025-05-07 09:23:52,459 basehttp "GET /scanner/ HTTP/1.1" 200 69638
INFO 2025-05-07 09:24:13,904 basehttp "GET /scanner/os-info/ HTTP/1.1" 200 62496
INFO 2025-05-07 09:24:17,902 basehttp "GET /scanner/network-info/ HTTP/1.1" 200 49510
INFO 2025-05-07 09:25:07,136 basehttp "POST /scanner/clear-network-devices/ HTTP/1.1" 302 0
INFO 2025-05-07 09:25:07,152 basehttp "GET /scanner/network-info/ HTTP/1.1" 200 44416
INFO 2025-05-07 09:25:07,171 basehttp "GET /static/js/data-persistence.js HTTP/1.1" 304 0
INFO 2025-05-07 09:25:11,873 basehttp "POST /scanner/scan-network/ HTTP/1.1" 302 0
INFO 2025-05-07 09:25:11,887 basehttp "GET /scanner/network-info/ HTTP/1.1" 200 49947
INFO 2025-05-07 09:25:33,178 autoreload Watching for file changes with StatReloader
INFO 2025-05-07 09:25:35,929 basehttp "GET /scanner/network-info/ HTTP/1.1" 200 49506
INFO 2025-05-07 09:25:38,242 basehttp "GET /scanner/ HTTP/1.1" 200 63741
INFO 2025-05-07 09:25:43,451 basehttp "GET /scanner/os-info/ HTTP/1.1" 200 62496
INFO 2025-05-07 09:25:44,701 basehttp "GET /scanner/ HTTP/1.1" 200 63741
INFO 2025-05-07 09:25:53,156 basehttp "GET /scanner/os-info/ HTTP/1.1" 200 62496
INFO 2025-05-07 09:27:31,755 basehttp "GET /scanner/network-info/ HTTP/1.1" 200 49506
INFO 2025-05-07 09:27:33,835 basehttp "GET /scanner/ HTTP/1.1" 200 63757
INFO 2025-05-07 09:27:35,006 basehttp "GET /scanner/os-info/ HTTP/1.1" 200 62496
INFO 2025-05-07 09:27:38,766 autoreload Watching for file changes with StatReloader
INFO 2025-05-07 09:27:46,557 basehttp "GET /scanner/processes/ HTTP/1.1" 200 48831
INFO 2025-05-07 09:27:52,389 basehttp "GET /scanner/ HTTP/1.1" 200 63757
INFO 2025-05-07 09:27:54,225 basehttp "GET /scanner/processes/?target_id=3&refresh=true HTTP/1.1" 200 111577
INFO 2025-05-07 09:27:56,782 basehttp "GET /scanner/processes/ HTTP/1.1" 200 48831
INFO 2025-05-07 09:28:00,009 basehttp "GET /scanner/processes/?target_id=3&refresh=true HTTP/1.1" 200 111577
INFO 2025-05-07 09:28:04,126 basehttp "GET /scanner/processes/analyze/?target_id=3&pid=700&start=true HTTP/1.1" 200 51
INFO 2025-05-07 09:28:04,157 basehttp "GET /scanner/processes/analyze/?task_id=3ce31c70-512c-4ac4-8727-121dbe15223b&target_id=3 HTTP/1.1" 200 2470
INFO 2025-05-07 09:29:14,154 basehttp - Broken pipe from ('127.0.0.1', 1106)
INFO 2025-05-07 09:29:16,771 basehttp "GET /scanner/processes/?target_id=3&refresh=true HTTP/1.1" 200 111529
INFO 2025-05-07 09:29:24,190 basehttp "GET /scanner/ HTTP/1.1" 200 63704
INFO 2025-05-07 09:29:28,185 autoreload Watching for file changes with StatReloader
INFO 2025-05-07 09:29:39,136 basehttp "GET /scanner/os-info/ HTTP/1.1" 200 62443
INFO 2025-05-07 09:29:42,080 basehttp "GET /scanner/ HTTP/1.1" 200 63704
INFO 2025-05-07 09:29:58,092 basehttp "GET /scanner/os-info/ HTTP/1.1" 200 62443
INFO 2025-05-07 09:29:58,117 basehttp "GET /static/js/data-persistence.js HTTP/1.1" 304 0
INFO 2025-05-07 09:30:28,333 basehttp "GET /scanner/os-info/ HTTP/1.1" 200 62444
